2018-12-12 16:47:33.570  INFO 17136 --- [main] yude.mes.com.mes_yd.MesYdApplication     : Starting MesYdApplication on 2G9BOCMFSTY011N with PID 17136 (started by Administrator in F:\mes开发备份\mes_yd)
2018-12-12 16:47:33.575 DEBUG 17136 --- [main] yude.mes.com.mes_yd.MesYdApplication     : Running with Spring Boot v1.5.15.RELEASE, Spring v4.3.18.RELEASE
2018-12-12 16:47:33.575  INFO 17136 --- [main] yude.mes.com.mes_yd.MesYdApplication     : The following profiles are active: dev
2018-12-12 16:47:34.693  INFO 17136 --- [main] ationConfigEmbeddedWebApplicationContext : Refreshing org.springframework.boot.context.embedded.AnnotationConfigEmbeddedWebApplicationContext@e7edb54: startup date [Wed Dec 12 16:47:34 CST 2018]; root of context hierarchy
2018-12-12 16:47:37.974  INFO 17136 --- [main] .s.d.r.c.RepositoryConfigurationDelegate : Multiple Spring Data modules found, entering strict repository configuration mode!
2018-12-12 16:47:38.520  INFO 17136 --- [main] trationDelegate$BeanPostProcessorChecker : Bean 'shiroConfig' of type [yude.mes.com.mes_yd.system.config.ShiroConfig$$EnhancerBySpringCGLIB$$43efc250] is not eligible for getting processed by all BeanPostProcessors (for example: not eligible for auto-proxying)
2018-12-12 16:47:40.494  INFO 17136 --- [main] trationDelegate$BeanPostProcessorChecker : Bean 'mybatis-org.mybatis.spring.boot.autoconfigure.MybatisProperties' of type [org.mybatis.spring.boot.autoconfigure.MybatisProperties] is not eligible for getting processed by all BeanPostProcessors (for example: not eligible for auto-proxying)
2018-12-12 16:47:40.500  INFO 17136 --- [main] trationDelegate$BeanPostProcessorChecker : Bean 'myBatisConfig' of type [yude.mes.com.mes_yd.config.MyBatisConfig$$EnhancerBySpringCGLIB$$e360df2f] is not eligible for getting processed by all BeanPostProcessors (for example: not eligible for auto-proxying)
2018-12-12 16:47:40.515  INFO 17136 --- [main] trationDelegate$BeanPostProcessorChecker : Bean 'paginationInterceptor' of type [com.baomidou.mybatisplus.extension.plugins.PaginationInterceptor] is not eligible for getting processed by all BeanPostProcessors (for example: not eligible for auto-proxying)
2018-12-12 16:47:40.523  INFO 17136 --- [main] trationDelegate$BeanPostProcessorChecker : Bean 'sqlExplainInterceptor' of type [com.baomidou.mybatisplus.extension.plugins.SqlExplainInterceptor] is not eligible for getting processed by all BeanPostProcessors (for example: not eligible for auto-proxying)
2018-12-12 16:47:40.528  INFO 17136 --- [main] trationDelegate$BeanPostProcessorChecker : Bean 'optimisticLockerInterceptor' of type [com.baomidou.mybatisplus.extension.plugins.OptimisticLockerInterceptor] is not eligible for getting processed by all BeanPostProcessors (for example: not eligible for auto-proxying)
2018-12-12 16:47:40.532  INFO 17136 --- [main] trationDelegate$BeanPostProcessorChecker : Bean 'performanceInterceptor' of type [com.baomidou.mybatisplus.extension.plugins.PerformanceInterceptor] is not eligible for getting processed by all BeanPostProcessors (for example: not eligible for auto-proxying)
2018-12-12 16:47:40.545  INFO 17136 --- [main] trationDelegate$BeanPostProcessorChecker : Bean 'configurationCustomizer' of type [yude.mes.com.mes_yd.config.MyBatisConfig$1] is not eligible for getting processed by all BeanPostProcessors (for example: not eligible for auto-proxying)
2018-12-12 16:47:40.549  INFO 17136 --- [main] trationDelegate$BeanPostProcessorChecker : Bean 'org.mybatis.spring.boot.autoconfigure.MybatisAutoConfiguration' of type [org.mybatis.spring.boot.autoconfigure.MybatisAutoConfiguration$$EnhancerBySpringCGLIB$$14324743] is not eligible for getting processed by all BeanPostProcessors (for example: not eligible for auto-proxying)
2018-12-12 16:47:40.554  INFO 17136 --- [main] trationDelegate$BeanPostProcessorChecker : Bean 'druidConfig' of type [yude.mes.com.mes_yd.config.DruidConfig$$EnhancerBySpringCGLIB$$46e21e9e] is not eligible for getting processed by all BeanPostProcessors (for example: not eligible for auto-proxying)
2018-12-12 16:47:41.268  INFO 17136 --- [main] trationDelegate$BeanPostProcessorChecker : Bean 'druid' of type [com.alibaba.druid.pool.DruidDataSource] is not eligible for getting processed by all BeanPostProcessors (for example: not eligible for auto-proxying)
2018-12-12 16:47:42.413  INFO 17136 --- [main] trationDelegate$BeanPostProcessorChecker : Bean 'sqlSessionFactory' of type [org.apache.ibatis.session.defaults.DefaultSqlSessionFactory] is not eligible for getting processed by all BeanPostProcessors (for example: not eligible for auto-proxying)
2018-12-12 16:47:42.441  INFO 17136 --- [main] trationDelegate$BeanPostProcessorChecker : Bean 'sqlSessionTemplate' of type [org.mybatis.spring.SqlSessionTemplate] is not eligible for getting processed by all BeanPostProcessors (for example: not eligible for auto-proxying)
2018-12-12 16:47:42.451  INFO 17136 --- [main] trationDelegate$BeanPostProcessorChecker : Bean 'userMapper' of type [org.mybatis.spring.mapper.MapperFactoryBean] is not eligible for getting processed by all BeanPostProcessors (for example: not eligible for auto-proxying)
2018-12-12 16:47:42.452  INFO 17136 --- [main] trationDelegate$BeanPostProcessorChecker : Bean 'userMapper' of type [com.sun.proxy.$Proxy68] is not eligible for getting processed by all BeanPostProcessors (for example: not eligible for auto-proxying)
2018-12-12 16:47:42.462  INFO 17136 --- [main] trationDelegate$BeanPostProcessorChecker : Bean 'menuMapper' of type [org.mybatis.spring.mapper.MapperFactoryBean] is not eligible for getting processed by all BeanPostProcessors (for example: not eligible for auto-proxying)
2018-12-12 16:47:42.463  INFO 17136 --- [main] trationDelegate$BeanPostProcessorChecker : Bean 'menuMapper' of type [com.sun.proxy.$Proxy70] is not eligible for getting processed by all BeanPostProcessors (for example: not eligible for auto-proxying)
2018-12-12 16:47:42.471  INFO 17136 --- [main] trationDelegate$BeanPostProcessorChecker : Bean 'roleMenuMapper' of type [org.mybatis.spring.mapper.MapperFactoryBean] is not eligible for getting processed by all BeanPostProcessors (for example: not eligible for auto-proxying)
2018-12-12 16:47:42.473  INFO 17136 --- [main] trationDelegate$BeanPostProcessorChecker : Bean 'roleMenuMapper' of type [com.sun.proxy.$Proxy71] is not eligible for getting processed by all BeanPostProcessors (for example: not eligible for auto-proxying)
2018-12-12 16:47:42.474  INFO 17136 --- [main] trationDelegate$BeanPostProcessorChecker : Bean 'menuServiceImpl' of type [yude.mes.com.mes_yd.system.service.impl.MenuServiceImpl] is not eligible for getting processed by all BeanPostProcessors (for example: not eligible for auto-proxying)
2018-12-12 16:47:42.474  INFO 17136 --- [main] trationDelegate$BeanPostProcessorChecker : Bean 'userRealm' of type [yude.mes.com.mes_yd.system.shiro.UserRealm] is not eligible for getting processed by all BeanPostProcessors (for example: not eligible for auto-proxying)
2018-12-12 16:47:42.524  INFO 17136 --- [main] trationDelegate$BeanPostProcessorChecker : Bean 'securityManager' of type [org.apache.shiro.web.mgt.DefaultWebSecurityManager] is not eligible for getting processed by all BeanPostProcessors (for example: not eligible for auto-proxying)
2018-12-12 16:47:42.571  INFO 17136 --- [main] trationDelegate$BeanPostProcessorChecker : Bean 'authorizationAttributeSourceAdvisor' of type [org.apache.shiro.spring.security.interceptor.AuthorizationAttributeSourceAdvisor] is not eligible for getting processed by all BeanPostProcessors (for example: not eligible for auto-proxying)
2018-12-12 16:47:42.652  INFO 17136 --- [main] trationDelegate$BeanPostProcessorChecker : Bean 'redisConfiguration' of type [yude.mes.com.mes_yd.config.RedisConfiguration$$EnhancerBySpringCGLIB$$f143f911] is not eligible for getting processed by all BeanPostProcessors (for example: not eligible for auto-proxying)
2018-12-12 16:47:42.895  INFO 17136 --- [main] trationDelegate$BeanPostProcessorChecker : Bean 'org.springframework.transaction.annotation.ProxyTransactionManagementConfiguration' of type [org.springframework.transaction.annotation.ProxyTransactionManagementConfiguration$$EnhancerBySpringCGLIB$$e15df613] is not eligible for getting processed by all BeanPostProcessors (for example: not eligible for auto-proxying)
2018-12-12 16:47:44.212  INFO 17136 --- [main] s.b.c.e.t.TomcatEmbeddedServletContainer : Tomcat initialized with port(s): 8888 (http)
2018-12-12 16:47:44.244  INFO 17136 --- [main] o.apache.catalina.core.StandardService   : Starting service [Tomcat]
2018-12-12 16:47:44.245  INFO 17136 --- [main] org.apache.catalina.core.StandardEngine  : Starting Servlet Engine: Apache Tomcat/8.5.32
2018-12-12 16:47:44.494  INFO 17136 --- [localhost-startStop-1] o.a.c.c.C.[Tomcat].[localhost].[/]       : Initializing Spring embedded WebApplicationContext
2018-12-12 16:47:44.494  INFO 17136 --- [localhost-startStop-1] o.s.web.context.ContextLoader            : Root WebApplicationContext: initialization completed in 9801 ms
2018-12-12 16:47:44.953  INFO 17136 --- [localhost-startStop-1] o.s.b.w.servlet.ServletRegistrationBean  : Mapping servlet: 'statViewServlet' to [/druid/*]
2018-12-12 16:47:44.954  INFO 17136 --- [localhost-startStop-1] o.s.b.w.servlet.ServletRegistrationBean  : Mapping servlet: 'dispatcherServlet' to [/]
2018-12-12 16:47:44.958  INFO 17136 --- [localhost-startStop-1] o.s.b.w.servlet.FilterRegistrationBean   : Mapping filter: 'characterEncodingFilter' to: [/*]
2018-12-12 16:47:44.958  INFO 17136 --- [localhost-startStop-1] o.s.b.w.servlet.FilterRegistrationBean   : Mapping filter: 'hiddenHttpMethodFilter' to: [/*]
2018-12-12 16:47:44.959  INFO 17136 --- [localhost-startStop-1] o.s.b.w.servlet.FilterRegistrationBean   : Mapping filter: 'httpPutFormContentFilter' to: [/*]
2018-12-12 16:47:44.959  INFO 17136 --- [localhost-startStop-1] o.s.b.w.servlet.FilterRegistrationBean   : Mapping filter: 'requestContextFilter' to: [/*]
2018-12-12 16:47:44.959  INFO 17136 --- [localhost-startStop-1] o.s.b.w.servlet.FilterRegistrationBean   : Mapping filter: 'webStatFilter' to urls: [/*]
2018-12-12 16:47:44.959  INFO 17136 --- [localhost-startStop-1] o.s.b.w.servlet.FilterRegistrationBean   : Mapping filter: 'shiroFilterFactoryBean' to: [/*]
2018-12-12 16:47:48.239  INFO 17136 --- [main] s.w.s.m.m.a.RequestMappingHandlerAdapter : Looking for @ControllerAdvice: org.springframework.boot.context.embedded.AnnotationConfigEmbeddedWebApplicationContext@e7edb54: startup date [Wed Dec 12 16:47:34 CST 2018]; root of context hierarchy
2018-12-12 16:47:48.725  INFO 17136 --- [main] s.w.s.m.m.a.RequestMappingHandlerMapping : Mapped "{[/common/generator/list],methods=[GET]}" onto java.util.List<java.util.Map<java.lang.String, java.lang.Object>> yude.mes.com.mes_yd.common.controller.GeneratorController.list()
2018-12-12 16:47:48.728  INFO 17136 --- [main] s.w.s.m.m.a.RequestMappingHandlerMapping : Mapped "{[/common/generator/code/{tableName}]}" onto public void yude.mes.com.mes_yd.common.controller.GeneratorController.code(javax.servlet.http.HttpServletRequest,javax.servlet.http.HttpServletResponse,java.lang.String) throws java.io.IOException
2018-12-12 16:47:48.729  INFO 17136 --- [main] s.w.s.m.m.a.RequestMappingHandlerMapping : Mapped "{[/common/generator],methods=[GET]}" onto java.lang.String yude.mes.com.mes_yd.common.controller.GeneratorController.generator()
2018-12-12 16:47:48.729  INFO 17136 --- [main] s.w.s.m.m.a.RequestMappingHandlerMapping : Mapped "{[/common/generator/batchCode]}" onto public void yude.mes.com.mes_yd.common.controller.GeneratorController.batchCode(javax.servlet.http.HttpServletRequest,javax.servlet.http.HttpServletResponse,java.lang.String) throws java.io.IOException
2018-12-12 16:47:48.732  INFO 17136 --- [main] s.w.s.m.m.a.RequestMappingHandlerMapping : Mapped "{[/common/log/remove],methods=[POST]}" onto yude.mes.com.mes_yd.common.utils.R yude.mes.com.mes_yd.common.controller.LogController.remove(java.lang.Long)
2018-12-12 16:47:48.732  INFO 17136 --- [main] s.w.s.m.m.a.RequestMappingHandlerMapping : Mapped "{[/common/log],methods=[GET]}" onto java.lang.String yude.mes.com.mes_yd.common.controller.LogController.log()
2018-12-12 16:47:48.733  INFO 17136 --- [main] s.w.s.m.m.a.RequestMappingHandlerMapping : Mapped "{[/common/log/list],methods=[GET]}" onto yude.mes.com.mes_yd.common.domain.PageDO<yude.mes.com.mes_yd.common.domain.SysLogDO> yude.mes.com.mes_yd.common.controller.LogController.list(java.util.Map<java.lang.String, java.lang.Object>)
2018-12-12 16:47:48.733  INFO 17136 --- [main] s.w.s.m.m.a.RequestMappingHandlerMapping : Mapped "{[/common/log/batchRemove],methods=[POST]}" onto yude.mes.com.mes_yd.common.utils.R yude.mes.com.mes_yd.common.controller.LogController.batchRemove(java.lang.Long[])
2018-12-12 16:47:48.734  INFO 17136 --- [main] s.w.s.m.m.a.RequestMappingHandlerMapping : Mapped "{[/report/common/list],methods=[GET]}" onto yude.mes.com.mes_yd.common.utils.PageUtils yude.mes.com.mes_yd.report.controller.CommonReportMeiZuController.list(java.util.Map<java.lang.String, java.lang.Object>)
2018-12-12 16:47:48.735  INFO 17136 --- [main] s.w.s.m.m.a.RequestMappingHandlerMapping : Mapped "{[/report/common],methods=[GET]}" onto java.lang.String yude.mes.com.mes_yd.report.controller.CommonReportMeiZuController.user(org.springframework.ui.Model)
2018-12-12 16:47:48.737  INFO 17136 --- [main] s.w.s.m.m.a.RequestMappingHandlerMapping : Mapped "{[/main],methods=[GET]}" onto java.lang.String yude.mes.com.mes_yd.system.controller.LoginController.main()
2018-12-12 16:47:48.738  INFO 17136 --- [main] s.w.s.m.m.a.RequestMappingHandlerMapping : Mapped "{[/ ||  || /index],methods=[GET]}" onto java.lang.String yude.mes.com.mes_yd.system.controller.LoginController.Index(org.springframework.ui.Model)
2018-12-12 16:47:48.739  INFO 17136 --- [main] s.w.s.m.m.a.RequestMappingHandlerMapping : Mapped "{[/403],methods=[GET]}" onto java.lang.String yude.mes.com.mes_yd.system.controller.LoginController.error403()
2018-12-12 16:47:48.739  INFO 17136 --- [main] s.w.s.m.m.a.RequestMappingHandlerMapping : Mapped "{[/login],methods=[GET]}" onto java.lang.String yude.mes.com.mes_yd.system.controller.LoginController.login()
2018-12-12 16:47:48.739  INFO 17136 --- [main] s.w.s.m.m.a.RequestMappingHandlerMapping : Mapped "{[/logout],methods=[GET]}" onto java.lang.String yude.mes.com.mes_yd.system.controller.LoginController.logout()
2018-12-12 16:47:48.740  INFO 17136 --- [main] s.w.s.m.m.a.RequestMappingHandlerMapping : Mapped "{[/login],methods=[POST]}" onto yude.mes.com.mes_yd.common.utils.R yude.mes.com.mes_yd.system.controller.LoginController.ajaxLogin(java.lang.String,java.lang.String)
2018-12-12 16:47:48.740  INFO 17136 --- [main] s.w.s.m.m.a.RequestMappingHandlerMapping : Mapped "{[/login_bak],methods=[POST]}" onto java.lang.String yude.mes.com.mes_yd.system.controller.LoginController.doLogin(java.lang.String,java.lang.String)
2018-12-12 16:47:48.746  INFO 17136 --- [main] s.w.s.m.m.a.RequestMappingHandlerMapping : Mapped "{[/sys/menu/add/{pId}],methods=[GET]}" onto java.lang.String yude.mes.com.mes_yd.system.controller.MenuController.add(org.springframework.ui.Model,java.lang.Long)
2018-12-12 16:47:48.747  INFO 17136 --- [main] s.w.s.m.m.a.RequestMappingHandlerMapping : Mapped "{[/sys/menu/remove],methods=[POST]}" onto yude.mes.com.mes_yd.common.utils.R yude.mes.com.mes_yd.system.controller.MenuController.remove(java.lang.Long)
2018-12-12 16:47:48.748  INFO 17136 --- [main] s.w.s.m.m.a.RequestMappingHandlerMapping : Mapped "{[/sys/menu/update],methods=[POST]}" onto yude.mes.com.mes_yd.common.utils.R yude.mes.com.mes_yd.system.controller.MenuController.update(yude.mes.com.mes_yd.system.domain.MenuDO)
2018-12-12 16:47:48.748  INFO 17136 --- [main] s.w.s.m.m.a.RequestMappingHandlerMapping : Mapped "{[/sys/menu/list]}" onto java.util.List<yude.mes.com.mes_yd.system.domain.MenuDO> yude.mes.com.mes_yd.system.controller.MenuController.list()
2018-12-12 16:47:48.749  INFO 17136 --- [main] s.w.s.m.m.a.RequestMappingHandlerMapping : Mapped "{[/sys/menu/save],methods=[POST]}" onto yude.mes.com.mes_yd.common.utils.R yude.mes.com.mes_yd.system.controller.MenuController.save(yude.mes.com.mes_yd.system.domain.MenuDO)
2018-12-12 16:47:48.749  INFO 17136 --- [main] s.w.s.m.m.a.RequestMappingHandlerMapping : Mapped "{[/sys/menu/tree/{roleId}],methods=[GET]}" onto yude.mes.com.mes_yd.common.domain.Tree<yude.mes.com.mes_yd.system.domain.MenuDO> yude.mes.com.mes_yd.system.controller.MenuController.tree(java.lang.Long)
2018-12-12 16:47:48.750  INFO 17136 --- [main] s.w.s.m.m.a.RequestMappingHandlerMapping : Mapped "{[/sys/menu/tree],methods=[GET]}" onto yude.mes.com.mes_yd.common.domain.Tree<yude.mes.com.mes_yd.system.domain.MenuDO> yude.mes.com.mes_yd.system.controller.MenuController.tree()
2018-12-12 16:47:48.750  INFO 17136 --- [main] s.w.s.m.m.a.RequestMappingHandlerMapping : Mapped "{[/sys/menu/edit/{id}],methods=[GET]}" onto java.lang.String yude.mes.com.mes_yd.system.controller.MenuController.edit(org.springframework.ui.Model,java.lang.Long)
2018-12-12 16:47:48.751  INFO 17136 --- [main] s.w.s.m.m.a.RequestMappingHandlerMapping : Mapped "{[/sys/menu],methods=[GET]}" onto java.lang.String yude.mes.com.mes_yd.system.controller.MenuController.menu(org.springframework.ui.Model)
2018-12-12 16:47:48.753  INFO 17136 --- [main] s.w.s.m.m.a.RequestMappingHandlerMapping : Mapped "{[/sys/role/add],methods=[GET]}" onto java.lang.String yude.mes.com.mes_yd.system.controller.RoleController.add()
2018-12-12 16:47:48.754  INFO 17136 --- [main] s.w.s.m.m.a.RequestMappingHandlerMapping : Mapped "{[/sys/role/update],methods=[POST]}" onto yude.mes.com.mes_yd.common.utils.R yude.mes.com.mes_yd.system.controller.RoleController.update(yude.mes.com.mes_yd.system.domain.RoleDO)
2018-12-12 16:47:48.754  INFO 17136 --- [main] s.w.s.m.m.a.RequestMappingHandlerMapping : Mapped "{[/sys/role/list],methods=[GET]}" onto java.util.List<yude.mes.com.mes_yd.system.domain.RoleDO> yude.mes.com.mes_yd.system.controller.RoleController.list()
2018-12-12 16:47:48.755  INFO 17136 --- [main] s.w.s.m.m.a.RequestMappingHandlerMapping : Mapped "{[/sys/role/remove],methods=[POST]}" onto yude.mes.com.mes_yd.common.utils.R yude.mes.com.mes_yd.system.controller.RoleController.save(java.lang.Long)
2018-12-12 16:47:48.755  INFO 17136 --- [main] s.w.s.m.m.a.RequestMappingHandlerMapping : Mapped "{[/sys/role/save],methods=[POST]}" onto yude.mes.com.mes_yd.common.utils.R yude.mes.com.mes_yd.system.controller.RoleController.save(yude.mes.com.mes_yd.system.domain.RoleDO)
2018-12-12 16:47:48.756  INFO 17136 --- [main] s.w.s.m.m.a.RequestMappingHandlerMapping : Mapped "{[/sys/role/batchRemove],methods=[POST]}" onto yude.mes.com.mes_yd.common.utils.R yude.mes.com.mes_yd.system.controller.RoleController.batchRemove(java.lang.Long[])
2018-12-12 16:47:48.756  INFO 17136 --- [main] s.w.s.m.m.a.RequestMappingHandlerMapping : Mapped "{[/sys/role],methods=[GET]}" onto java.lang.String yude.mes.com.mes_yd.system.controller.RoleController.role()
2018-12-12 16:47:48.757  INFO 17136 --- [main] s.w.s.m.m.a.RequestMappingHandlerMapping : Mapped "{[/sys/role/edit/{id}],methods=[GET]}" onto java.lang.String yude.mes.com.mes_yd.system.controller.RoleController.edit(java.lang.Long,org.springframework.ui.Model)
2018-12-12 16:47:48.764  INFO 17136 --- [main] s.w.s.m.m.a.RequestMappingHandlerMapping : Mapped "{[/sys/user/exit],methods=[POST]}" onto boolean yude.mes.com.mes_yd.system.controller.UserController.exit(java.util.Map<java.lang.String, java.lang.Object>)
2018-12-12 16:47:48.765  INFO 17136 --- [main] s.w.s.m.m.a.RequestMappingHandlerMapping : Mapped "{[/sys/user/add],methods=[GET]}" onto java.lang.String yude.mes.com.mes_yd.system.controller.UserController.add(org.springframework.ui.Model)
2018-12-12 16:47:48.765  INFO 17136 --- [main] s.w.s.m.m.a.RequestMappingHandlerMapping : Mapped "{[/sys/user/remove],methods=[POST]}" onto yude.mes.com.mes_yd.common.utils.R yude.mes.com.mes_yd.system.controller.UserController.remove(java.lang.Long)
2018-12-12 16:47:48.765  INFO 17136 --- [main] s.w.s.m.m.a.RequestMappingHandlerMapping : Mapped "{[/sys/user/update],methods=[POST]}" onto yude.mes.com.mes_yd.common.utils.R yude.mes.com.mes_yd.system.controller.UserController.update(yude.mes.com.mes_yd.system.domain.SysUserDO)
2018-12-12 16:47:48.766  INFO 17136 --- [main] s.w.s.m.m.a.RequestMappingHandlerMapping : Mapped "{[/sys/user/list],methods=[GET]}" onto yude.mes.com.mes_yd.common.utils.PageUtils yude.mes.com.mes_yd.system.controller.UserController.list(java.util.Map<java.lang.String, java.lang.Object>)
2018-12-12 16:47:48.766  INFO 17136 --- [main] s.w.s.m.m.a.RequestMappingHandlerMapping : Mapped "{[/sys/user/save],methods=[POST]}" onto yude.mes.com.mes_yd.common.utils.R yude.mes.com.mes_yd.system.controller.UserController.save(yude.mes.com.mes_yd.system.domain.SysUserDO)
2018-12-12 16:47:48.767  INFO 17136 --- [main] s.w.s.m.m.a.RequestMappingHandlerMapping : Mapped "{[/sys/user/batchRemove],methods=[POST]}" onto yude.mes.com.mes_yd.common.utils.R yude.mes.com.mes_yd.system.controller.UserController.batchRemove(java.lang.Long[])
2018-12-12 16:47:48.767  INFO 17136 --- [main] s.w.s.m.m.a.RequestMappingHandlerMapping : Mapped "{[/sys/user],methods=[GET]}" onto java.lang.String yude.mes.com.mes_yd.system.controller.UserController.user(org.springframework.ui.Model)
2018-12-12 16:47:48.767  INFO 17136 --- [main] s.w.s.m.m.a.RequestMappingHandlerMapping : Mapped "{[/sys/user/userExport],methods=[GET]}" onto public void yude.mes.com.mes_yd.system.controller.UserController.export(javax.servlet.http.HttpServletResponse,javax.servlet.http.HttpServletRequest)
2018-12-12 16:47:48.768  INFO 17136 --- [main] s.w.s.m.m.a.RequestMappingHandlerMapping : Mapped "{[/sys/user/resetPwd],methods=[POST]}" onto yude.mes.com.mes_yd.common.utils.R yude.mes.com.mes_yd.system.controller.UserController.resetPwd(yude.mes.com.mes_yd.system.domain.SysUserDO)
2018-12-12 16:47:48.769  INFO 17136 --- [main] s.w.s.m.m.a.RequestMappingHandlerMapping : Mapped "{[/sys/user/resetPwd/{id}],methods=[GET]}" onto java.lang.String yude.mes.com.mes_yd.system.controller.UserController.resetPwd(java.lang.Long,org.springframework.ui.Model)
2018-12-12 16:47:48.769  INFO 17136 --- [main] s.w.s.m.m.a.RequestMappingHandlerMapping : Mapped "{[/sys/user/edit/{id}],methods=[GET]}" onto java.lang.String yude.mes.com.mes_yd.system.controller.UserController.edit(org.springframework.ui.Model,java.lang.Long)
2018-12-12 16:47:48.772  INFO 17136 --- [main] s.w.s.m.m.a.RequestMappingHandlerMapping : Mapped "{[/error]}" onto public org.springframework.http.ResponseEntity<java.util.Map<java.lang.String, java.lang.Object>> org.springframework.boot.autoconfigure.web.BasicErrorController.error(javax.servlet.http.HttpServletRequest)
2018-12-12 16:47:48.772  INFO 17136 --- [main] s.w.s.m.m.a.RequestMappingHandlerMapping : Mapped "{[/error],produces=[text/html]}" onto public org.springframework.web.servlet.ModelAndView org.springframework.boot.autoconfigure.web.BasicErrorController.errorHtml(javax.servlet.http.HttpServletRequest,javax.servlet.http.HttpServletResponse)
2018-12-12 16:47:48.872  INFO 17136 --- [main] o.s.w.s.handler.SimpleUrlHandlerMapping  : Mapped URL path [/webjars/**] onto handler of type [class org.springframework.web.servlet.resource.ResourceHttpRequestHandler]
2018-12-12 16:47:48.873  INFO 17136 --- [main] o.s.w.s.handler.SimpleUrlHandlerMapping  : Mapped URL path [/**] onto handler of type [class org.springframework.web.servlet.resource.ResourceHttpRequestHandler]
2018-12-12 16:47:48.953  INFO 17136 --- [main] .m.m.a.ExceptionHandlerExceptionResolver : Detected @ExceptionHandler methods in BTExceptionHandler
2018-12-12 16:47:49.119  INFO 17136 --- [main] o.s.w.s.handler.SimpleUrlHandlerMapping  : Mapped URL path [/**/favicon.ico] onto handler of type [class org.springframework.web.servlet.resource.ResourceHttpRequestHandler]
2018-12-12 16:47:49.326  WARN 17136 --- [main] org.thymeleaf.templatemode.TemplateMode  : [THYMELEAF][main] Template Mode 'HTML5' is deprecated. Using Template Mode 'HTML' instead.
2018-12-12 16:47:58.319  INFO 17136 --- [main] o.s.w.s.v.f.FreeMarkerConfigurer         : ClassTemplateLoader for Spring macros added to FreeMarker configuration
2018-12-12 16:48:00.879  INFO 17136 --- [main] o.s.j.e.a.AnnotationMBeanExporter        : Registering beans for JMX exposure on startup
2018-12-12 16:48:00.988  INFO 17136 --- [main] o.s.j.e.a.AnnotationMBeanExporter        : Bean with name 'druid' has been autodetected for JMX exposure
2018-12-12 16:48:00.999  INFO 17136 --- [main] o.s.j.e.a.AnnotationMBeanExporter        : Located MBean 'druid': registering with JMX server as MBean [com.alibaba.druid.pool:name=druid,type=DruidDataSource]
2018-12-12 16:48:01.930  INFO 17136 --- [main] s.b.c.e.t.TomcatEmbeddedServletContainer : Tomcat started on port(s): 8888 (http)
2018-12-12 16:48:01.940  INFO 17136 --- [main] yude.mes.com.mes_yd.MesYdApplication     : Started MesYdApplication in 29.958 seconds (JVM running for 31.58)
2018-12-12 16:56:50.541  INFO 17136 --- [http-nio-8888-exec-1] o.a.c.c.C.[Tomcat].[localhost].[/]       : Initializing Spring FrameworkServlet 'dispatcherServlet'
2018-12-12 16:56:50.541  INFO 17136 --- [http-nio-8888-exec-1] o.s.web.servlet.DispatcherServlet        : FrameworkServlet 'dispatcherServlet': initialization started
2018-12-12 16:56:50.574  INFO 17136 --- [http-nio-8888-exec-1] o.s.web.servlet.DispatcherServlet        : FrameworkServlet 'dispatcherServlet': initialization completed in 33 ms
2018-12-12 17:16:05.951  INFO 17136 --- [http-nio-8888-exec-3] com.alibaba.druid.pool.DruidDataSource   : {dataSource-1} inited
2018-12-12 17:16:05.999 DEBUG 17136 --- [http-nio-8888-exec-3] y.m.c.mes_yd.system.dao.UserMapper.list  : ==>  Preparing: SELECT * FROM (SELECT ROWNUM AS rowno, t.* FROM sys_user t WHERE username = ? ) 
2018-12-12 17:16:06.498 DEBUG 17136 --- [http-nio-8888-exec-3] y.m.c.mes_yd.system.dao.UserMapper.list  : ==> Parameters: wpw(String)
2018-12-12 17:16:06.710 DEBUG 17136 --- [http-nio-8888-exec-3] y.m.c.mes_yd.system.dao.UserMapper.list  : <==      Total: 1
2018-12-12 17:16:07.003 DEBUG 17136 --- [http-nio-8888-exec-3] y.m.c.mes_yd.system.dao.UserMapper.list  : ==>  Preparing: SELECT * FROM (SELECT ROWNUM AS rowno, t.* FROM sys_user t WHERE username = ? ) 
2018-12-12 17:16:07.010 DEBUG 17136 --- [http-nio-8888-exec-3] y.m.c.mes_yd.system.dao.UserMapper.list  : ==> Parameters: wpw(String)
2018-12-12 17:16:07.012 DEBUG 17136 --- [http-nio-8888-exec-3] y.m.c.mes_yd.system.dao.UserMapper.list  : <==      Total: 1
2018-12-12 17:16:07.293 DEBUG 17136 --- [http-nio-8888-exec-3] y.m.c.mes_yd.common.dao.LogMapper.save   : ==>  Preparing: insert into sys_log (id, user_id, username,operation, time, method,params, ip, gmt_create)values (?, ?, ?, ?, ?, ?, ?, ?, ?) 
2018-12-12 17:16:07.319 DEBUG 17136 --- [http-nio-8888-exec-3] y.m.c.mes_yd.common.dao.LogMapper.save   : ==> Parameters: null, 4(Long), wpw(String), Login request(String), 74(Integer), yude.mes.com.mes_yd.system.controller.LoginController.ajaxLogin()(String), "wpw"(String), 127.0.0.1(String), 2018-12-12 17:16:07.291(Timestamp)
2018-12-12 17:16:07.462 DEBUG 17136 --- [http-nio-8888-exec-3] y.m.c.mes_yd.common.dao.LogMapper.save   : <==    Updates: 1
2018-12-12 17:16:07.624 DEBUG 17136 --- [http-nio-8888-exec-8] y.m.c.m.s.d.MenuMapper.listMenuByUserId  : ==>  Preparing: select distinct m.menu_id , parent_id, name, url, perms, type, icon, order_num, gmt_create, gmt_modified from sys_menu m left join sys_role_menu rm on m.menu_id = rm.menu_id left join sys_user_role ur on rm.role_id = ur.role_id where ur.user_id = ? and m.type in(0,1) order by m.type 
2018-12-12 17:16:07.675 DEBUG 17136 --- [http-nio-8888-exec-8] y.m.c.m.s.d.MenuMapper.listMenuByUserId  : ==> Parameters: 4(Long)
2018-12-12 17:16:07.706 DEBUG 17136 --- [http-nio-8888-exec-8] y.m.c.m.s.d.MenuMapper.listMenuByUserId  : <==      Total: 0
2018-12-12 17:16:07.732  INFO 17136 --- [http-nio-8888-exec-8] y.m.c.m.s.controller.LoginController     : 超级管理员
2018-12-12 17:16:07.736 DEBUG 17136 --- [http-nio-8888-exec-8] y.m.c.mes_yd.common.dao.LogMapper.save   : ==>  Preparing: insert into sys_log (id, user_id, username,operation, time, method,params, ip, gmt_create)values (?, ?, ?, ?, ?, ?, ?, ?, ?) 
2018-12-12 17:16:07.738 DEBUG 17136 --- [http-nio-8888-exec-8] y.m.c.mes_yd.common.dao.LogMapper.save   : ==> Parameters: null, 4(Long), wpw(String), sent main UI(String), 110(Integer), yude.mes.com.mes_yd.system.controller.LoginController.Index()(String), {"menus":[],"name":"超级管理员"}(String), 127.0.0.1(String), 2018-12-12 17:16:07.735(Timestamp)
2018-12-12 17:16:07.741 DEBUG 17136 --- [http-nio-8888-exec-8] y.m.c.mes_yd.common.dao.LogMapper.save   : <==    Updates: 1
2018-12-12 17:16:27.674 DEBUG 17136 --- [http-nio-8888-exec-7] y.m.c.mes_yd.system.dao.UserMapper.list  : ==>  Preparing: SELECT * FROM (SELECT ROWNUM AS rowno, t.* FROM sys_user t WHERE username = ? ) 
2018-12-12 17:16:27.679 DEBUG 17136 --- [http-nio-8888-exec-7] y.m.c.mes_yd.system.dao.UserMapper.list  : ==> Parameters: admin(String)
2018-12-12 17:16:27.682 DEBUG 17136 --- [http-nio-8888-exec-7] y.m.c.mes_yd.system.dao.UserMapper.list  : <==      Total: 1
2018-12-12 17:16:27.688 DEBUG 17136 --- [http-nio-8888-exec-7] y.m.c.mes_yd.system.dao.UserMapper.list  : ==>  Preparing: SELECT * FROM (SELECT ROWNUM AS rowno, t.* FROM sys_user t WHERE username = ? ) 
2018-12-12 17:16:27.693 DEBUG 17136 --- [http-nio-8888-exec-7] y.m.c.mes_yd.system.dao.UserMapper.list  : ==> Parameters: admin(String)
2018-12-12 17:16:27.695 DEBUG 17136 --- [http-nio-8888-exec-7] y.m.c.mes_yd.system.dao.UserMapper.list  : <==      Total: 1
2018-12-12 17:16:27.699 DEBUG 17136 --- [http-nio-8888-exec-7] y.m.c.mes_yd.common.dao.LogMapper.save   : ==>  Preparing: insert into sys_log (id, user_id, username,operation, time, method,params, ip, gmt_create)values (?, ?, ?, ?, ?, ?, ?, ?, ?) 
2018-12-12 17:16:27.704 DEBUG 17136 --- [http-nio-8888-exec-7] y.m.c.mes_yd.common.dao.LogMapper.save   : ==> Parameters: null, 3(Long), admin(String), Login request(String), 11(Integer), yude.mes.com.mes_yd.system.controller.LoginController.ajaxLogin()(String), "admin"(String), 127.0.0.1(String), 2018-12-12 17:16:27.697(Timestamp)
2018-12-12 17:16:27.707 DEBUG 17136 --- [http-nio-8888-exec-7] y.m.c.mes_yd.common.dao.LogMapper.save   : <==    Updates: 1
2018-12-12 17:16:27.732 DEBUG 17136 --- [http-nio-8888-exec-9] y.m.c.m.s.d.MenuMapper.listMenuByUserId  : ==>  Preparing: select distinct m.menu_id , parent_id, name, url, perms, type, icon, order_num, gmt_create, gmt_modified from sys_menu m left join sys_role_menu rm on m.menu_id = rm.menu_id left join sys_user_role ur on rm.role_id = ur.role_id where ur.user_id = ? and m.type in(0,1) order by m.type 
2018-12-12 17:16:27.737 DEBUG 17136 --- [http-nio-8888-exec-9] y.m.c.m.s.d.MenuMapper.listMenuByUserId  : ==> Parameters: 3(Long)
2018-12-12 17:16:27.739 DEBUG 17136 --- [http-nio-8888-exec-9] y.m.c.m.s.d.MenuMapper.listMenuByUserId  : <==      Total: 0
2018-12-12 17:16:27.741  INFO 17136 --- [http-nio-8888-exec-9] y.m.c.m.s.controller.LoginController     : 超级管理员
2018-12-12 17:16:27.742 DEBUG 17136 --- [http-nio-8888-exec-9] y.m.c.mes_yd.common.dao.LogMapper.save   : ==>  Preparing: insert into sys_log (id, user_id, username,operation, time, method,params, ip, gmt_create)values (?, ?, ?, ?, ?, ?, ?, ?, ?) 
2018-12-12 17:16:27.748 DEBUG 17136 --- [http-nio-8888-exec-9] y.m.c.mes_yd.common.dao.LogMapper.save   : ==> Parameters: null, 3(Long), admin(String), sent main UI(String), 10(Integer), yude.mes.com.mes_yd.system.controller.LoginController.Index()(String), {"menus":[],"name":"超级管理员"}(String), 127.0.0.1(String), 2018-12-12 17:16:27.741(Timestamp)
2018-12-12 17:16:27.750 DEBUG 17136 --- [http-nio-8888-exec-9] y.m.c.mes_yd.common.dao.LogMapper.save   : <==    Updates: 1
2018-12-12 17:22:16.429 DEBUG 17136 --- [http-nio-8888-exec-5] y.m.c.m.s.d.MenuMapper.listMenuByUserId  : ==>  Preparing: select distinct m.menu_id , parent_id, name, url, perms, type, icon, order_num, gmt_create, gmt_modified from sys_menu m left join sys_role_menu rm on m.menu_id = rm.menu_id left join sys_user_role ur on rm.role_id = ur.role_id where ur.user_id = ? and m.type in(0,1) order by m.type 
2018-12-12 17:22:16.438 DEBUG 17136 --- [http-nio-8888-exec-5] y.m.c.m.s.d.MenuMapper.listMenuByUserId  : ==> Parameters: 3(Long)
2018-12-12 17:22:16.454 DEBUG 17136 --- [http-nio-8888-exec-5] y.m.c.m.s.d.MenuMapper.listMenuByUserId  : <==      Total: 0
2018-12-12 17:22:16.457  INFO 17136 --- [http-nio-8888-exec-5] y.m.c.m.s.controller.LoginController     : 超级管理员
2018-12-12 17:22:16.458 DEBUG 17136 --- [http-nio-8888-exec-5] y.m.c.mes_yd.common.dao.LogMapper.save   : ==>  Preparing: insert into sys_log (id, user_id, username,operation, time, method,params, ip, gmt_create)values (?, ?, ?, ?, ?, ?, ?, ?, ?) 
2018-12-12 17:22:16.465 DEBUG 17136 --- [http-nio-8888-exec-5] y.m.c.mes_yd.common.dao.LogMapper.save   : ==> Parameters: null, 3(Long), admin(String), sent main UI(String), 35(Integer), yude.mes.com.mes_yd.system.controller.LoginController.Index()(String), {"menus":[],"name":"超级管理员"}(String), 127.0.0.1(String), 2018-12-12 17:22:16.457(Timestamp)
2018-12-12 17:22:16.558 DEBUG 17136 --- [http-nio-8888-exec-5] y.m.c.mes_yd.common.dao.LogMapper.save   : <==    Updates: 1
2018-12-12 17:22:24.513 DEBUG 17136 --- [http-nio-8888-exec-10] y.m.c.m.s.d.MenuMapper.listMenuByUserId  : ==>  Preparing: select distinct m.menu_id , parent_id, name, url, perms, type, icon, order_num, gmt_create, gmt_modified from sys_menu m left join sys_role_menu rm on m.menu_id = rm.menu_id left join sys_user_role ur on rm.role_id = ur.role_id where ur.user_id = ? and m.type in(0,1) order by m.type 
2018-12-12 17:22:24.520 DEBUG 17136 --- [http-nio-8888-exec-10] y.m.c.m.s.d.MenuMapper.listMenuByUserId  : ==> Parameters: 3(Long)
2018-12-12 17:22:24.522 DEBUG 17136 --- [http-nio-8888-exec-10] y.m.c.m.s.d.MenuMapper.listMenuByUserId  : <==      Total: 0
2018-12-12 17:22:24.525  INFO 17136 --- [http-nio-8888-exec-10] y.m.c.m.s.controller.LoginController     : 超级管理员
2018-12-12 17:22:24.528 DEBUG 17136 --- [http-nio-8888-exec-10] y.m.c.mes_yd.common.dao.LogMapper.save   : ==>  Preparing: insert into sys_log (id, user_id, username,operation, time, method,params, ip, gmt_create)values (?, ?, ?, ?, ?, ?, ?, ?, ?) 
2018-12-12 17:22:24.536 DEBUG 17136 --- [http-nio-8888-exec-10] y.m.c.mes_yd.common.dao.LogMapper.save   : ==> Parameters: null, 3(Long), admin(String), sent main UI(String), 13(Integer), yude.mes.com.mes_yd.system.controller.LoginController.Index()(String), {"menus":[],"name":"超级管理员"}(String), 127.0.0.1(String), 2018-12-12 17:22:24.525(Timestamp)
2018-12-12 17:22:24.538 DEBUG 17136 --- [http-nio-8888-exec-10] y.m.c.mes_yd.common.dao.LogMapper.save   : <==    Updates: 1
2018-12-12 17:22:30.764 DEBUG 17136 --- [http-nio-8888-exec-10] y.m.c.mes_yd.system.dao.UserMapper.list  : ==>  Preparing: SELECT * FROM (SELECT ROWNUM AS rowno, t.* FROM sys_user t WHERE username = ? ) 
2018-12-12 17:22:30.769 DEBUG 17136 --- [http-nio-8888-exec-10] y.m.c.mes_yd.system.dao.UserMapper.list  : ==> Parameters: wpw(String)
2018-12-12 17:22:30.774 DEBUG 17136 --- [http-nio-8888-exec-10] y.m.c.mes_yd.system.dao.UserMapper.list  : <==      Total: 1
2018-12-12 17:22:30.777 DEBUG 17136 --- [http-nio-8888-exec-10] y.m.c.mes_yd.system.dao.UserMapper.list  : ==>  Preparing: SELECT * FROM (SELECT ROWNUM AS rowno, t.* FROM sys_user t WHERE username = ? ) 
2018-12-12 17:22:30.782 DEBUG 17136 --- [http-nio-8888-exec-10] y.m.c.mes_yd.system.dao.UserMapper.list  : ==> Parameters: wpw(String)
2018-12-12 17:22:30.784 DEBUG 17136 --- [http-nio-8888-exec-10] y.m.c.mes_yd.system.dao.UserMapper.list  : <==      Total: 1
2018-12-12 17:22:30.787 DEBUG 17136 --- [http-nio-8888-exec-10] y.m.c.mes_yd.common.dao.LogMapper.save   : ==>  Preparing: insert into sys_log (id, user_id, username,operation, time, method,params, ip, gmt_create)values (?, ?, ?, ?, ?, ?, ?, ?, ?) 
2018-12-12 17:22:30.791 DEBUG 17136 --- [http-nio-8888-exec-10] y.m.c.mes_yd.common.dao.LogMapper.save   : ==> Parameters: null, 2(Long), wpw(String), Login request(String), 9(Integer), yude.mes.com.mes_yd.system.controller.LoginController.ajaxLogin()(String), "wpw"(String), 127.0.0.1(String), 2018-12-12 17:22:30.785(Timestamp)
2018-12-12 17:22:30.794 DEBUG 17136 --- [http-nio-8888-exec-10] y.m.c.mes_yd.common.dao.LogMapper.save   : <==    Updates: 1
2018-12-12 17:22:30.814 DEBUG 17136 --- [http-nio-8888-exec-3] y.m.c.m.s.d.MenuMapper.listMenuByUserId  : ==>  Preparing: select distinct m.menu_id , parent_id, name, url, perms, type, icon, order_num, gmt_create, gmt_modified from sys_menu m left join sys_role_menu rm on m.menu_id = rm.menu_id left join sys_user_role ur on rm.role_id = ur.role_id where ur.user_id = ? and m.type in(0,1) order by m.type 
2018-12-12 17:22:30.818 DEBUG 17136 --- [http-nio-8888-exec-3] y.m.c.m.s.d.MenuMapper.listMenuByUserId  : ==> Parameters: 2(Long)
2018-12-12 17:22:30.824 DEBUG 17136 --- [http-nio-8888-exec-3] y.m.c.m.s.d.MenuMapper.listMenuByUserId  : <==      Total: 10
2018-12-12 17:22:30.825  INFO 17136 --- [http-nio-8888-exec-3] y.m.c.m.s.controller.LoginController     : 超级管理员
2018-12-12 17:22:30.942 DEBUG 17136 --- [http-nio-8888-exec-3] y.m.c.mes_yd.common.dao.LogMapper.save   : ==>  Preparing: insert into sys_log (id, user_id, username,operation, time, method,params, ip, gmt_create)values (?, ?, ?, ?, ?, ?, ?, ?, ?) 
2018-12-12 17:22:30.944 DEBUG 17136 --- [http-nio-8888-exec-3] y.m.c.mes_yd.common.dao.LogMapper.save   : ==> Parameters: null, 2(Long), wpw(String), sent main UI(String), 12(Integer), yude.mes.com.mes_yd.system.controller.LoginController.Index()(String), {"menus":[{"attributes":{"icon":"fa fa-bars"},"checked":false,"children":[{"attributes":{"url":"report/common/"},"checked":false,"children":[],"hasChildren":false,"hasParent":true,"id":"64","parentId":"63","text":"通用出货报表"}],"hasChildren":true,"hasParent":false,"id":"63","parentId":"0","text":"出货报表"},{"attributes":{"icon":"fa fa-bars"},"checked":false,"children":[{"attributes":{"icon":"fa fa-code","url":"common/generator"},"checked":false,"children":[],"hasChildren":false,"hasParent":true,"id":"48","parentId":"1","text":"代码生成"},{"attributes":{"icon":"fa fa-warning","url":"common/log"},"checked":false,"children":[],"hasChildren":false,"hasParent":true,"id":"27","parentId":"1","text":"系统日志"},{"attributes":{"icon":"fa fa-caret-square-o-right","url":"/druid/index.html"},"checked":false,"children":[],"hasChildren":false,"hasParent":true,"id":"57","parentId":"1","text":"运行监控"}],"hasChildren":true,"hasParent":false,"id":"1","parentId":"0","text":"基础管理"},{"attributes":{"icon":"fa fa-desktop"},"checked":false,"children":[{"attributes":{"icon":"fa fa-user","url":"sys/user/"},"checked":false,"children":[],"hasChildren":false,"hasParent":true,"id":"6","parentId":"3","text":"用户管理"},{"attributes":{"icon":"fa fa-th-list","url":"sys/menu/"},"checked":false,"children":[],"hasChildren":false,"hasParent":true,"id":"2","parentId":"3","text":"系统菜单"},{"attributes":{"icon":"fa fa-paw","url":"sys/role"},"checked":false,"children":[],"hasChildren":false,"hasParent":true,"id":"7","parentId":"3","text":"角色管理"}],"hasChildren":true,"hasParent":false,"id":"3","parentId":"0","text":"系统管理"}],"name":"超级管理员"}(String), 127.0.0.1(String), 2018-12-12 17:22:30.941(Timestamp)
2018-12-12 17:22:30.947 DEBUG 17136 --- [http-nio-8888-exec-3] y.m.c.mes_yd.common.dao.LogMapper.save   : <==    Updates: 1
2018-12-12 17:22:37.548 DEBUG 17136 --- [http-nio-8888-exec-4] y.m.c.m.s.dao.MenuMapper.listUserPerms   : ==>  Preparing: select m.perms from sys_menu m left join sys_role_menu rm on m.menu_id = rm.menu_id left join sys_user_role ur on rm.role_id = ur.role_id where ur.user_id = ? 
2018-12-12 17:22:37.552 DEBUG 17136 --- [http-nio-8888-exec-4] y.m.c.m.s.dao.MenuMapper.listUserPerms   : ==> Parameters: 2(Long)
2018-12-12 17:22:37.561 DEBUG 17136 --- [http-nio-8888-exec-4] y.m.c.m.s.dao.MenuMapper.listUserPerms   : <==      Total: 26
2018-12-12 17:22:37.666 DEBUG 17136 --- [http-nio-8888-exec-4] y.m.c.m.s.dao.MenuMapper.listUserPerms   : ==>  Preparing: select m.perms from sys_menu m left join sys_role_menu rm on m.menu_id = rm.menu_id left join sys_user_role ur on rm.role_id = ur.role_id where ur.user_id = ? 
2018-12-12 17:22:37.668 DEBUG 17136 --- [http-nio-8888-exec-4] y.m.c.m.s.dao.MenuMapper.listUserPerms   : ==> Parameters: 2(Long)
2018-12-12 17:22:37.673 DEBUG 17136 --- [http-nio-8888-exec-4] y.m.c.m.s.dao.MenuMapper.listUserPerms   : <==      Total: 26
2018-12-12 17:22:37.794 DEBUG 17136 --- [http-nio-8888-exec-4] y.m.c.m.s.dao.MenuMapper.listUserPerms   : ==>  Preparing: select m.perms from sys_menu m left join sys_role_menu rm on m.menu_id = rm.menu_id left join sys_user_role ur on rm.role_id = ur.role_id where ur.user_id = ? 
2018-12-12 17:22:37.798 DEBUG 17136 --- [http-nio-8888-exec-4] y.m.c.m.s.dao.MenuMapper.listUserPerms   : ==> Parameters: 2(Long)
2018-12-12 17:22:37.800 DEBUG 17136 --- [http-nio-8888-exec-4] y.m.c.m.s.dao.MenuMapper.listUserPerms   : <==      Total: 26
2018-12-12 17:22:37.801 DEBUG 17136 --- [http-nio-8888-exec-4] y.m.c.m.s.dao.MenuMapper.listUserPerms   : ==>  Preparing: select m.perms from sys_menu m left join sys_role_menu rm on m.menu_id = rm.menu_id left join sys_user_role ur on rm.role_id = ur.role_id where ur.user_id = ? 
2018-12-12 17:22:37.804 DEBUG 17136 --- [http-nio-8888-exec-4] y.m.c.m.s.dao.MenuMapper.listUserPerms   : ==> Parameters: 2(Long)
2018-12-12 17:22:37.808 DEBUG 17136 --- [http-nio-8888-exec-4] y.m.c.m.s.dao.MenuMapper.listUserPerms   : <==      Total: 26
2018-12-12 17:22:37.811 DEBUG 17136 --- [http-nio-8888-exec-4] y.m.c.m.s.dao.MenuMapper.listUserPerms   : ==>  Preparing: select m.perms from sys_menu m left join sys_role_menu rm on m.menu_id = rm.menu_id left join sys_user_role ur on rm.role_id = ur.role_id where ur.user_id = ? 
2018-12-12 17:22:37.813 DEBUG 17136 --- [http-nio-8888-exec-4] y.m.c.m.s.dao.MenuMapper.listUserPerms   : ==> Parameters: 2(Long)
2018-12-12 17:22:37.816 DEBUG 17136 --- [http-nio-8888-exec-4] y.m.c.m.s.dao.MenuMapper.listUserPerms   : <==      Total: 26
2018-12-12 17:22:37.818 DEBUG 17136 --- [http-nio-8888-exec-4] y.m.c.m.s.dao.MenuMapper.listUserPerms   : ==>  Preparing: select m.perms from sys_menu m left join sys_role_menu rm on m.menu_id = rm.menu_id left join sys_user_role ur on rm.role_id = ur.role_id where ur.user_id = ? 
2018-12-12 17:22:37.821 DEBUG 17136 --- [http-nio-8888-exec-4] y.m.c.m.s.dao.MenuMapper.listUserPerms   : ==> Parameters: 2(Long)
2018-12-12 17:22:37.826 DEBUG 17136 --- [http-nio-8888-exec-4] y.m.c.m.s.dao.MenuMapper.listUserPerms   : <==      Total: 26
2018-12-12 17:22:37.827 DEBUG 17136 --- [http-nio-8888-exec-4] y.m.c.m.s.dao.MenuMapper.listUserPerms   : ==>  Preparing: select m.perms from sys_menu m left join sys_role_menu rm on m.menu_id = rm.menu_id left join sys_user_role ur on rm.role_id = ur.role_id where ur.user_id = ? 
2018-12-12 17:22:37.830 DEBUG 17136 --- [http-nio-8888-exec-4] y.m.c.m.s.dao.MenuMapper.listUserPerms   : ==> Parameters: 2(Long)
2018-12-12 17:22:37.832 DEBUG 17136 --- [http-nio-8888-exec-4] y.m.c.m.s.dao.MenuMapper.listUserPerms   : <==      Total: 26
2018-12-12 17:22:38.196 DEBUG 17136 --- [http-nio-8888-exec-8] y.m.c.mes_yd.system.dao.UserMapper.list  : ==>  Preparing: SELECT * FROM (SELECT ROWNUM AS rowno, t.* FROM sys_user t where ROWNUM <=(?+?)) table_alias WHERE table_alias.rowno > ? 
2018-12-12 17:22:38.200 DEBUG 17136 --- [http-nio-8888-exec-8] y.m.c.mes_yd.system.dao.UserMapper.list  : ==> Parameters: 0(Integer), 10(Integer), 0(Integer)
2018-12-12 17:22:38.203 DEBUG 17136 --- [http-nio-8888-exec-8] y.m.c.mes_yd.system.dao.UserMapper.list  : <==      Total: 4
2018-12-12 17:22:38.209 DEBUG 17136 --- [http-nio-8888-exec-8] y.m.c.m.system.dao.UserMapper.count      : ==>  Preparing: select count(*) from sys_user 
2018-12-12 17:22:38.219 DEBUG 17136 --- [http-nio-8888-exec-8] y.m.c.m.system.dao.UserMapper.count      : ==> Parameters: 
2018-12-12 17:22:38.222 DEBUG 17136 --- [http-nio-8888-exec-8] y.m.c.m.system.dao.UserMapper.count      : <==      Total: 1
2018-12-12 17:22:41.250 DEBUG 17136 --- [http-nio-8888-exec-10] y.m.c.m.s.dao.MenuMapper.listUserPerms   : ==>  Preparing: select m.perms from sys_menu m left join sys_role_menu rm on m.menu_id = rm.menu_id left join sys_user_role ur on rm.role_id = ur.role_id where ur.user_id = ? 
2018-12-12 17:22:41.254 DEBUG 17136 --- [http-nio-8888-exec-10] y.m.c.m.s.dao.MenuMapper.listUserPerms   : ==> Parameters: 2(Long)
2018-12-12 17:22:41.258 DEBUG 17136 --- [http-nio-8888-exec-10] y.m.c.m.s.dao.MenuMapper.listUserPerms   : <==      Total: 26
2018-12-12 17:22:41.261 DEBUG 17136 --- [http-nio-8888-exec-10] y.m.c.m.s.dao.MenuMapper.listUserPerms   : ==>  Preparing: select m.perms from sys_menu m left join sys_role_menu rm on m.menu_id = rm.menu_id left join sys_user_role ur on rm.role_id = ur.role_id where ur.user_id = ? 
2018-12-12 17:22:41.266 DEBUG 17136 --- [http-nio-8888-exec-10] y.m.c.m.s.dao.MenuMapper.listUserPerms   : ==> Parameters: 2(Long)
2018-12-12 17:22:41.269 DEBUG 17136 --- [http-nio-8888-exec-10] y.m.c.m.s.dao.MenuMapper.listUserPerms   : <==      Total: 26
2018-12-12 17:22:41.415 DEBUG 17136 --- [http-nio-8888-exec-10] y.m.c.m.s.dao.MenuMapper.listUserPerms   : ==>  Preparing: select m.perms from sys_menu m left join sys_role_menu rm on m.menu_id = rm.menu_id left join sys_user_role ur on rm.role_id = ur.role_id where ur.user_id = ? 
2018-12-12 17:22:41.417 DEBUG 17136 --- [http-nio-8888-exec-10] y.m.c.m.s.dao.MenuMapper.listUserPerms   : ==> Parameters: 2(Long)
2018-12-12 17:22:41.420 DEBUG 17136 --- [http-nio-8888-exec-10] y.m.c.m.s.dao.MenuMapper.listUserPerms   : <==      Total: 26
2018-12-12 17:22:41.423 DEBUG 17136 --- [http-nio-8888-exec-10] y.m.c.m.s.dao.MenuMapper.listUserPerms   : ==>  Preparing: select m.perms from sys_menu m left join sys_role_menu rm on m.menu_id = rm.menu_id left join sys_user_role ur on rm.role_id = ur.role_id where ur.user_id = ? 
2018-12-12 17:22:41.426 DEBUG 17136 --- [http-nio-8888-exec-10] y.m.c.m.s.dao.MenuMapper.listUserPerms   : ==> Parameters: 2(Long)
2018-12-12 17:22:41.428 DEBUG 17136 --- [http-nio-8888-exec-10] y.m.c.m.s.dao.MenuMapper.listUserPerms   : <==      Total: 26
2018-12-12 17:22:41.430 DEBUG 17136 --- [http-nio-8888-exec-10] y.m.c.m.s.dao.MenuMapper.listUserPerms   : ==>  Preparing: select m.perms from sys_menu m left join sys_role_menu rm on m.menu_id = rm.menu_id left join sys_user_role ur on rm.role_id = ur.role_id where ur.user_id = ? 
2018-12-12 17:22:41.433 DEBUG 17136 --- [http-nio-8888-exec-10] y.m.c.m.s.dao.MenuMapper.listUserPerms   : ==> Parameters: 2(Long)
2018-12-12 17:22:41.436 DEBUG 17136 --- [http-nio-8888-exec-10] y.m.c.m.s.dao.MenuMapper.listUserPerms   : <==      Total: 26
2018-12-12 17:22:41.438 DEBUG 17136 --- [http-nio-8888-exec-10] y.m.c.m.s.dao.MenuMapper.listUserPerms   : ==>  Preparing: select m.perms from sys_menu m left join sys_role_menu rm on m.menu_id = rm.menu_id left join sys_user_role ur on rm.role_id = ur.role_id where ur.user_id = ? 
2018-12-12 17:22:41.440 DEBUG 17136 --- [http-nio-8888-exec-10] y.m.c.m.s.dao.MenuMapper.listUserPerms   : ==> Parameters: 2(Long)
2018-12-12 17:22:41.443 DEBUG 17136 --- [http-nio-8888-exec-10] y.m.c.m.s.dao.MenuMapper.listUserPerms   : <==      Total: 26
2018-12-12 17:22:41.445 DEBUG 17136 --- [http-nio-8888-exec-10] y.m.c.m.s.dao.MenuMapper.listUserPerms   : ==>  Preparing: select m.perms from sys_menu m left join sys_role_menu rm on m.menu_id = rm.menu_id left join sys_user_role ur on rm.role_id = ur.role_id where ur.user_id = ? 
2018-12-12 17:22:41.448 DEBUG 17136 --- [http-nio-8888-exec-10] y.m.c.m.s.dao.MenuMapper.listUserPerms   : ==> Parameters: 2(Long)
2018-12-12 17:22:41.450 DEBUG 17136 --- [http-nio-8888-exec-10] y.m.c.m.s.dao.MenuMapper.listUserPerms   : <==      Total: 26
2018-12-12 17:22:41.605 DEBUG 17136 --- [http-nio-8888-exec-6] y.m.c.m.s.dao.MenuMapper.listUserPerms   : ==>  Preparing: select m.perms from sys_menu m left join sys_role_menu rm on m.menu_id = rm.menu_id left join sys_user_role ur on rm.role_id = ur.role_id where ur.user_id = ? 
2018-12-12 17:22:41.608 DEBUG 17136 --- [http-nio-8888-exec-6] y.m.c.m.s.dao.MenuMapper.listUserPerms   : ==> Parameters: 2(Long)
2018-12-12 17:22:41.611 DEBUG 17136 --- [http-nio-8888-exec-6] y.m.c.m.s.dao.MenuMapper.listUserPerms   : <==      Total: 26
2018-12-12 17:22:41.614 DEBUG 17136 --- [http-nio-8888-exec-6] y.m.c.m.s.dao.MenuMapper.listUserPerms   : ==>  Preparing: select m.perms from sys_menu m left join sys_role_menu rm on m.menu_id = rm.menu_id left join sys_user_role ur on rm.role_id = ur.role_id where ur.user_id = ? 
2018-12-12 17:22:41.617 DEBUG 17136 --- [http-nio-8888-exec-6] y.m.c.m.s.dao.MenuMapper.listUserPerms   : ==> Parameters: 2(Long)
2018-12-12 17:22:41.621 DEBUG 17136 --- [http-nio-8888-exec-6] y.m.c.m.s.dao.MenuMapper.listUserPerms   : <==      Total: 26
2018-12-12 17:22:41.624 DEBUG 17136 --- [http-nio-8888-exec-6] y.m.c.m.system.dao.MenuMapper.listMenu   : ==>  Preparing: SELECT menu_id, parent_id, name, url, perms, type, icon, order_num, gmt_create, gmt_modified FROM sys_menu order by type 
2018-12-12 17:22:41.629 DEBUG 17136 --- [http-nio-8888-exec-6] y.m.c.m.system.dao.MenuMapper.listMenu   : ==> Parameters: 
2018-12-12 17:22:41.637 DEBUG 17136 --- [http-nio-8888-exec-6] y.m.c.m.system.dao.MenuMapper.listMenu   : <==      Total: 29
2018-12-12 17:22:51.276 DEBUG 17136 --- [http-nio-8888-exec-5] y.m.c.m.s.dao.MenuMapper.listUserPerms   : ==>  Preparing: select m.perms from sys_menu m left join sys_role_menu rm on m.menu_id = rm.menu_id left join sys_user_role ur on rm.role_id = ur.role_id where ur.user_id = ? 
2018-12-12 17:22:51.294 DEBUG 17136 --- [http-nio-8888-exec-5] y.m.c.m.s.dao.MenuMapper.listUserPerms   : ==> Parameters: 2(Long)
2018-12-12 17:22:51.298 DEBUG 17136 --- [http-nio-8888-exec-5] y.m.c.m.s.dao.MenuMapper.listUserPerms   : <==      Total: 26
2018-12-12 17:22:51.301 DEBUG 17136 --- [http-nio-8888-exec-5] y.m.c.m.s.dao.MenuMapper.listUserPerms   : ==>  Preparing: select m.perms from sys_menu m left join sys_role_menu rm on m.menu_id = rm.menu_id left join sys_user_role ur on rm.role_id = ur.role_id where ur.user_id = ? 
2018-12-12 17:22:51.304 DEBUG 17136 --- [http-nio-8888-exec-5] y.m.c.m.s.dao.MenuMapper.listUserPerms   : ==> Parameters: 2(Long)
2018-12-12 17:22:51.310 DEBUG 17136 --- [http-nio-8888-exec-5] y.m.c.m.s.dao.MenuMapper.listUserPerms   : <==      Total: 26
2018-12-12 17:22:51.440 DEBUG 17136 --- [http-nio-8888-exec-5] y.m.c.m.s.dao.MenuMapper.listUserPerms   : ==>  Preparing: select m.perms from sys_menu m left join sys_role_menu rm on m.menu_id = rm.menu_id left join sys_user_role ur on rm.role_id = ur.role_id where ur.user_id = ? 
2018-12-12 17:22:51.443 DEBUG 17136 --- [http-nio-8888-exec-5] y.m.c.m.s.dao.MenuMapper.listUserPerms   : ==> Parameters: 2(Long)
2018-12-12 17:22:51.444 DEBUG 17136 --- [http-nio-8888-exec-5] y.m.c.m.s.dao.MenuMapper.listUserPerms   : <==      Total: 26
2018-12-12 17:22:51.445 DEBUG 17136 --- [http-nio-8888-exec-5] y.m.c.m.s.dao.MenuMapper.listUserPerms   : ==>  Preparing: select m.perms from sys_menu m left join sys_role_menu rm on m.menu_id = rm.menu_id left join sys_user_role ur on rm.role_id = ur.role_id where ur.user_id = ? 
2018-12-12 17:22:51.448 DEBUG 17136 --- [http-nio-8888-exec-5] y.m.c.m.s.dao.MenuMapper.listUserPerms   : ==> Parameters: 2(Long)
2018-12-12 17:22:51.450 DEBUG 17136 --- [http-nio-8888-exec-5] y.m.c.m.s.dao.MenuMapper.listUserPerms   : <==      Total: 26
2018-12-12 17:22:51.451 DEBUG 17136 --- [http-nio-8888-exec-5] y.m.c.m.s.dao.MenuMapper.listUserPerms   : ==>  Preparing: select m.perms from sys_menu m left join sys_role_menu rm on m.menu_id = rm.menu_id left join sys_user_role ur on rm.role_id = ur.role_id where ur.user_id = ? 
2018-12-12 17:22:51.454 DEBUG 17136 --- [http-nio-8888-exec-5] y.m.c.m.s.dao.MenuMapper.listUserPerms   : ==> Parameters: 2(Long)
2018-12-12 17:22:51.456 DEBUG 17136 --- [http-nio-8888-exec-5] y.m.c.m.s.dao.MenuMapper.listUserPerms   : <==      Total: 26
2018-12-12 17:22:51.458 DEBUG 17136 --- [http-nio-8888-exec-5] y.m.c.m.s.dao.MenuMapper.listUserPerms   : ==>  Preparing: select m.perms from sys_menu m left join sys_role_menu rm on m.menu_id = rm.menu_id left join sys_user_role ur on rm.role_id = ur.role_id where ur.user_id = ? 
2018-12-12 17:22:51.460 DEBUG 17136 --- [http-nio-8888-exec-5] y.m.c.m.s.dao.MenuMapper.listUserPerms   : ==> Parameters: 2(Long)
2018-12-12 17:22:51.462 DEBUG 17136 --- [http-nio-8888-exec-5] y.m.c.m.s.dao.MenuMapper.listUserPerms   : <==      Total: 26
2018-12-12 17:22:51.630 DEBUG 17136 --- [http-nio-8888-exec-2] y.m.c.m.s.dao.MenuMapper.listUserPerms   : ==>  Preparing: select m.perms from sys_menu m left join sys_role_menu rm on m.menu_id = rm.menu_id left join sys_user_role ur on rm.role_id = ur.role_id where ur.user_id = ? 
2018-12-12 17:22:51.633 DEBUG 17136 --- [http-nio-8888-exec-2] y.m.c.m.s.dao.MenuMapper.listUserPerms   : ==> Parameters: 2(Long)
2018-12-12 17:22:51.636 DEBUG 17136 --- [http-nio-8888-exec-2] y.m.c.m.s.dao.MenuMapper.listUserPerms   : <==      Total: 26
2018-12-12 17:22:51.638 DEBUG 17136 --- [http-nio-8888-exec-2] y.m.c.m.s.dao.MenuMapper.listUserPerms   : ==>  Preparing: select m.perms from sys_menu m left join sys_role_menu rm on m.menu_id = rm.menu_id left join sys_user_role ur on rm.role_id = ur.role_id where ur.user_id = ? 
2018-12-12 17:22:51.642 DEBUG 17136 --- [http-nio-8888-exec-2] y.m.c.m.s.dao.MenuMapper.listUserPerms   : ==> Parameters: 2(Long)
2018-12-12 17:22:51.644 DEBUG 17136 --- [http-nio-8888-exec-2] y.m.c.m.s.dao.MenuMapper.listUserPerms   : <==      Total: 26
2018-12-12 17:22:51.646 DEBUG 17136 --- [http-nio-8888-exec-2] y.m.c.m.system.dao.RoleMapper.listRole   : ==>  Preparing: SELECT role_id, role_name, role_sign, remark, user_id_create, gmt_create, gmt_modified FROM sys_role 
2018-12-12 17:22:51.649 DEBUG 17136 --- [http-nio-8888-exec-2] y.m.c.m.system.dao.RoleMapper.listRole   : ==> Parameters: 
2018-12-12 17:22:51.652 DEBUG 17136 --- [http-nio-8888-exec-2] y.m.c.m.system.dao.RoleMapper.listRole   : <==      Total: 3
2018-12-12 17:22:54.406 DEBUG 17136 --- [http-nio-8888-exec-7] y.m.c.m.s.dao.MenuMapper.listUserPerms   : ==>  Preparing: select m.perms from sys_menu m left join sys_role_menu rm on m.menu_id = rm.menu_id left join sys_user_role ur on rm.role_id = ur.role_id where ur.user_id = ? 
2018-12-12 17:22:54.410 DEBUG 17136 --- [http-nio-8888-exec-7] y.m.c.m.s.dao.MenuMapper.listUserPerms   : ==> Parameters: 2(Long)
2018-12-12 17:22:54.412 DEBUG 17136 --- [http-nio-8888-exec-7] y.m.c.m.s.dao.MenuMapper.listUserPerms   : <==      Total: 26
2018-12-12 17:22:54.416 DEBUG 17136 --- [http-nio-8888-exec-7] y.m.c.m.s.dao.MenuMapper.listUserPerms   : ==>  Preparing: select m.perms from sys_menu m left join sys_role_menu rm on m.menu_id = rm.menu_id left join sys_user_role ur on rm.role_id = ur.role_id where ur.user_id = ? 
2018-12-12 17:22:54.422 DEBUG 17136 --- [http-nio-8888-exec-7] y.m.c.m.s.dao.MenuMapper.listUserPerms   : ==> Parameters: 2(Long)
2018-12-12 17:22:54.426 DEBUG 17136 --- [http-nio-8888-exec-7] y.m.c.m.s.dao.MenuMapper.listUserPerms   : <==      Total: 26
2018-12-12 17:22:54.430 DEBUG 17136 --- [http-nio-8888-exec-7] y.m.c.mes_yd.system.dao.RoleMapper.get   : ==>  Preparing: SELECT role_id, role_name, role_sign, remark, user_id_create, gmt_create, gmt_modified FROM sys_role where role_id = ? 
2018-12-12 17:22:54.434 DEBUG 17136 --- [http-nio-8888-exec-7] y.m.c.mes_yd.system.dao.RoleMapper.get   : ==> Parameters: 1(Long)
2018-12-12 17:22:54.437 DEBUG 17136 --- [http-nio-8888-exec-7] y.m.c.mes_yd.system.dao.RoleMapper.get   : <==      Total: 1
2018-12-12 17:22:54.438 DEBUG 17136 --- [http-nio-8888-exec-7] y.m.c.mes_yd.common.dao.LogMapper.save   : ==>  Preparing: insert into sys_log (id, user_id, username,operation, time, method,params, ip, gmt_create)values (?, ?, ?, ?, ?, ?, ?, ?, ?) 
2018-12-12 17:22:54.441 DEBUG 17136 --- [http-nio-8888-exec-7] y.m.c.mes_yd.common.dao.LogMapper.save   : ==> Parameters: null, 2(Long), wpw(String), edit role action(String), 9(Integer), yude.mes.com.mes_yd.system.controller.RoleController.edit()(String), 1(String), 127.0.0.1(String), 2018-12-12 17:22:54.438(Timestamp)
2018-12-12 17:22:54.443 DEBUG 17136 --- [http-nio-8888-exec-7] y.m.c.mes_yd.common.dao.LogMapper.save   : <==    Updates: 1
2018-12-12 17:22:54.809 DEBUG 17136 --- [http-nio-8888-exec-9] y.m.c.m.s.d.R.listMenuIdByRoleId         : ==>  Preparing: select menu_id from sys_role_menu where role_id = ? 
2018-12-12 17:22:54.813 DEBUG 17136 --- [http-nio-8888-exec-9] y.m.c.m.s.d.R.listMenuIdByRoleId         : ==> Parameters: 1(Long)
2018-12-12 17:22:54.816 DEBUG 17136 --- [http-nio-8888-exec-9] y.m.c.m.s.d.R.listMenuIdByRoleId         : <==      Total: 27
2018-12-12 17:22:54.818 DEBUG 17136 --- [http-nio-8888-exec-9] y.m.c.m.system.dao.MenuMapper.listMenu   : ==>  Preparing: SELECT menu_id, parent_id, name, url, perms, type, icon, order_num, gmt_create, gmt_modified FROM sys_menu order by type 
2018-12-12 17:22:54.821 DEBUG 17136 --- [http-nio-8888-exec-9] y.m.c.m.system.dao.MenuMapper.listMenu   : ==> Parameters: 
2018-12-12 17:22:54.827 DEBUG 17136 --- [http-nio-8888-exec-9] y.m.c.m.system.dao.MenuMapper.listMenu   : <==      Total: 29
2018-12-12 17:23:04.869 DEBUG 17136 --- [http-nio-8888-exec-5] y.m.c.m.s.dao.MenuMapper.listUserPerms   : ==>  Preparing: select m.perms from sys_menu m left join sys_role_menu rm on m.menu_id = rm.menu_id left join sys_user_role ur on rm.role_id = ur.role_id where ur.user_id = ? 
2018-12-12 17:23:04.873 DEBUG 17136 --- [http-nio-8888-exec-5] y.m.c.m.s.dao.MenuMapper.listUserPerms   : ==> Parameters: 2(Long)
2018-12-12 17:23:04.876 DEBUG 17136 --- [http-nio-8888-exec-5] y.m.c.m.s.dao.MenuMapper.listUserPerms   : <==      Total: 26
2018-12-12 17:23:04.878 DEBUG 17136 --- [http-nio-8888-exec-5] y.m.c.m.s.dao.MenuMapper.listUserPerms   : ==>  Preparing: select m.perms from sys_menu m left join sys_role_menu rm on m.menu_id = rm.menu_id left join sys_user_role ur on rm.role_id = ur.role_id where ur.user_id = ? 
2018-12-12 17:23:04.881 DEBUG 17136 --- [http-nio-8888-exec-5] y.m.c.m.s.dao.MenuMapper.listUserPerms   : ==> Parameters: 2(Long)
2018-12-12 17:23:04.884 DEBUG 17136 --- [http-nio-8888-exec-5] y.m.c.m.s.dao.MenuMapper.listUserPerms   : <==      Total: 26
2018-12-12 17:23:05.011 DEBUG 17136 --- [http-nio-8888-exec-5] y.m.c.m.s.dao.MenuMapper.listUserPerms   : ==>  Preparing: select m.perms from sys_menu m left join sys_role_menu rm on m.menu_id = rm.menu_id left join sys_user_role ur on rm.role_id = ur.role_id where ur.user_id = ? 
2018-12-12 17:23:05.014 DEBUG 17136 --- [http-nio-8888-exec-5] y.m.c.m.s.dao.MenuMapper.listUserPerms   : ==> Parameters: 2(Long)
2018-12-12 17:23:05.015 DEBUG 17136 --- [http-nio-8888-exec-5] y.m.c.m.s.dao.MenuMapper.listUserPerms   : <==      Total: 26
2018-12-12 17:23:05.017 DEBUG 17136 --- [http-nio-8888-exec-5] y.m.c.m.s.dao.MenuMapper.listUserPerms   : ==>  Preparing: select m.perms from sys_menu m left join sys_role_menu rm on m.menu_id = rm.menu_id left join sys_user_role ur on rm.role_id = ur.role_id where ur.user_id = ? 
2018-12-12 17:23:05.019 DEBUG 17136 --- [http-nio-8888-exec-5] y.m.c.m.s.dao.MenuMapper.listUserPerms   : ==> Parameters: 2(Long)
2018-12-12 17:23:05.021 DEBUG 17136 --- [http-nio-8888-exec-5] y.m.c.m.s.dao.MenuMapper.listUserPerms   : <==      Total: 26
2018-12-12 17:23:05.022 DEBUG 17136 --- [http-nio-8888-exec-5] y.m.c.m.s.dao.MenuMapper.listUserPerms   : ==>  Preparing: select m.perms from sys_menu m left join sys_role_menu rm on m.menu_id = rm.menu_id left join sys_user_role ur on rm.role_id = ur.role_id where ur.user_id = ? 
2018-12-12 17:23:05.024 DEBUG 17136 --- [http-nio-8888-exec-5] y.m.c.m.s.dao.MenuMapper.listUserPerms   : ==> Parameters: 2(Long)
2018-12-12 17:23:05.026 DEBUG 17136 --- [http-nio-8888-exec-5] y.m.c.m.s.dao.MenuMapper.listUserPerms   : <==      Total: 26
2018-12-12 18:52:58.412  INFO 1840 --- [main] yude.mes.com.mes_yd.MesYdApplication     : Starting MesYdApplication on 2G9BOCMFSTY011N with PID 1840 (started by Administrator in F:\mes开发备份\mes_yd)
2018-12-12 18:52:58.449 DEBUG 1840 --- [main] yude.mes.com.mes_yd.MesYdApplication     : Running with Spring Boot v1.5.15.RELEASE, Spring v4.3.18.RELEASE
2018-12-12 18:52:58.449  INFO 1840 --- [main] yude.mes.com.mes_yd.MesYdApplication     : The following profiles are active: dev
2018-12-12 18:53:00.765  INFO 1840 --- [main] ationConfigEmbeddedWebApplicationContext : Refreshing org.springframework.boot.context.embedded.AnnotationConfigEmbeddedWebApplicationContext@e7edb54: startup date [Wed Dec 12 18:53:00 CST 2018]; root of context hierarchy
2018-12-12 18:53:06.723  INFO 1840 --- [main] .s.d.r.c.RepositoryConfigurationDelegate : Multiple Spring Data modules found, entering strict repository configuration mode!
2018-12-12 18:53:07.673  INFO 1840 --- [main] trationDelegate$BeanPostProcessorChecker : Bean 'shiroConfig' of type [yude.mes.com.mes_yd.system.config.ShiroConfig$$EnhancerBySpringCGLIB$$d9ff755d] is not eligible for getting processed by all BeanPostProcessors (for example: not eligible for auto-proxying)
2018-12-12 18:53:09.804  INFO 1840 --- [main] trationDelegate$BeanPostProcessorChecker : Bean 'mybatis-org.mybatis.spring.boot.autoconfigure.MybatisProperties' of type [org.mybatis.spring.boot.autoconfigure.MybatisProperties] is not eligible for getting processed by all BeanPostProcessors (for example: not eligible for auto-proxying)
2018-12-12 18:53:09.809  INFO 1840 --- [main] trationDelegate$BeanPostProcessorChecker : Bean 'myBatisConfig' of type [yude.mes.com.mes_yd.config.MyBatisConfig$$EnhancerBySpringCGLIB$$7970923c] is not eligible for getting processed by all BeanPostProcessors (for example: not eligible for auto-proxying)
2018-12-12 18:53:09.841  INFO 1840 --- [main] trationDelegate$BeanPostProcessorChecker : Bean 'paginationInterceptor' of type [com.baomidou.mybatisplus.extension.plugins.PaginationInterceptor] is not eligible for getting processed by all BeanPostProcessors (for example: not eligible for auto-proxying)
2018-12-12 18:53:09.871  INFO 1840 --- [main] trationDelegate$BeanPostProcessorChecker : Bean 'sqlExplainInterceptor' of type [com.baomidou.mybatisplus.extension.plugins.SqlExplainInterceptor] is not eligible for getting processed by all BeanPostProcessors (for example: not eligible for auto-proxying)
2018-12-12 18:53:09.892  INFO 1840 --- [main] trationDelegate$BeanPostProcessorChecker : Bean 'optimisticLockerInterceptor' of type [com.baomidou.mybatisplus.extension.plugins.OptimisticLockerInterceptor] is not eligible for getting processed by all BeanPostProcessors (for example: not eligible for auto-proxying)
2018-12-12 18:53:09.908  INFO 1840 --- [main] trationDelegate$BeanPostProcessorChecker : Bean 'performanceInterceptor' of type [com.baomidou.mybatisplus.extension.plugins.PerformanceInterceptor] is not eligible for getting processed by all BeanPostProcessors (for example: not eligible for auto-proxying)
2018-12-12 18:53:09.917  INFO 1840 --- [main] trationDelegate$BeanPostProcessorChecker : Bean 'configurationCustomizer' of type [yude.mes.com.mes_yd.config.MyBatisConfig$1] is not eligible for getting processed by all BeanPostProcessors (for example: not eligible for auto-proxying)
2018-12-12 18:53:09.921  INFO 1840 --- [main] trationDelegate$BeanPostProcessorChecker : Bean 'org.mybatis.spring.boot.autoconfigure.MybatisAutoConfiguration' of type [org.mybatis.spring.boot.autoconfigure.MybatisAutoConfiguration$$EnhancerBySpringCGLIB$$aa41fa50] is not eligible for getting processed by all BeanPostProcessors (for example: not eligible for auto-proxying)
2018-12-12 18:53:09.925  INFO 1840 --- [main] trationDelegate$BeanPostProcessorChecker : Bean 'druidConfig' of type [yude.mes.com.mes_yd.config.DruidConfig$$EnhancerBySpringCGLIB$$dcf1d1ab] is not eligible for getting processed by all BeanPostProcessors (for example: not eligible for auto-proxying)
2018-12-12 18:53:11.183  INFO 1840 --- [main] trationDelegate$BeanPostProcessorChecker : Bean 'druid' of type [com.alibaba.druid.pool.DruidDataSource] is not eligible for getting processed by all BeanPostProcessors (for example: not eligible for auto-proxying)
2018-12-12 18:53:13.002  INFO 1840 --- [main] trationDelegate$BeanPostProcessorChecker : Bean 'sqlSessionFactory' of type [org.apache.ibatis.session.defaults.DefaultSqlSessionFactory] is not eligible for getting processed by all BeanPostProcessors (for example: not eligible for auto-proxying)
2018-12-12 18:53:13.014  INFO 1840 --- [main] trationDelegate$BeanPostProcessorChecker : Bean 'sqlSessionTemplate' of type [org.mybatis.spring.SqlSessionTemplate] is not eligible for getting processed by all BeanPostProcessors (for example: not eligible for auto-proxying)
2018-12-12 18:53:13.026  INFO 1840 --- [main] trationDelegate$BeanPostProcessorChecker : Bean 'userMapper' of type [org.mybatis.spring.mapper.MapperFactoryBean] is not eligible for getting processed by all BeanPostProcessors (for example: not eligible for auto-proxying)
2018-12-12 18:53:13.028  INFO 1840 --- [main] trationDelegate$BeanPostProcessorChecker : Bean 'userMapper' of type [com.sun.proxy.$Proxy68] is not eligible for getting processed by all BeanPostProcessors (for example: not eligible for auto-proxying)
2018-12-12 18:53:13.039  INFO 1840 --- [main] trationDelegate$BeanPostProcessorChecker : Bean 'menuMapper' of type [org.mybatis.spring.mapper.MapperFactoryBean] is not eligible for getting processed by all BeanPostProcessors (for example: not eligible for auto-proxying)
2018-12-12 18:53:13.040  INFO 1840 --- [main] trationDelegate$BeanPostProcessorChecker : Bean 'menuMapper' of type [com.sun.proxy.$Proxy70] is not eligible for getting processed by all BeanPostProcessors (for example: not eligible for auto-proxying)
2018-12-12 18:53:13.048  INFO 1840 --- [main] trationDelegate$BeanPostProcessorChecker : Bean 'roleMenuMapper' of type [org.mybatis.spring.mapper.MapperFactoryBean] is not eligible for getting processed by all BeanPostProcessors (for example: not eligible for auto-proxying)
2018-12-12 18:53:13.050  INFO 1840 --- [main] trationDelegate$BeanPostProcessorChecker : Bean 'roleMenuMapper' of type [com.sun.proxy.$Proxy71] is not eligible for getting processed by all BeanPostProcessors (for example: not eligible for auto-proxying)
2018-12-12 18:53:13.051  INFO 1840 --- [main] trationDelegate$BeanPostProcessorChecker : Bean 'menuServiceImpl' of type [yude.mes.com.mes_yd.system.service.impl.MenuServiceImpl] is not eligible for getting processed by all BeanPostProcessors (for example: not eligible for auto-proxying)
2018-12-12 18:53:13.052  INFO 1840 --- [main] trationDelegate$BeanPostProcessorChecker : Bean 'userRealm' of type [yude.mes.com.mes_yd.system.shiro.UserRealm] is not eligible for getting processed by all BeanPostProcessors (for example: not eligible for auto-proxying)
2018-12-12 18:53:13.075  INFO 1840 --- [main] trationDelegate$BeanPostProcessorChecker : Bean 'securityManager' of type [org.apache.shiro.web.mgt.DefaultWebSecurityManager] is not eligible for getting processed by all BeanPostProcessors (for example: not eligible for auto-proxying)
2018-12-12 18:53:13.199  INFO 1840 --- [main] trationDelegate$BeanPostProcessorChecker : Bean 'authorizationAttributeSourceAdvisor' of type [org.apache.shiro.spring.security.interceptor.AuthorizationAttributeSourceAdvisor] is not eligible for getting processed by all BeanPostProcessors (for example: not eligible for auto-proxying)
2018-12-12 18:53:13.381  INFO 1840 --- [main] trationDelegate$BeanPostProcessorChecker : Bean 'redisConfiguration' of type [yude.mes.com.mes_yd.config.RedisConfiguration$$EnhancerBySpringCGLIB$$8753ac1e] is not eligible for getting processed by all BeanPostProcessors (for example: not eligible for auto-proxying)
2018-12-12 18:53:13.562  INFO 1840 --- [main] trationDelegate$BeanPostProcessorChecker : Bean 'org.springframework.transaction.annotation.ProxyTransactionManagementConfiguration' of type [org.springframework.transaction.annotation.ProxyTransactionManagementConfiguration$$EnhancerBySpringCGLIB$$776da920] is not eligible for getting processed by all BeanPostProcessors (for example: not eligible for auto-proxying)
2018-12-12 18:53:14.927  INFO 1840 --- [main] s.b.c.e.t.TomcatEmbeddedServletContainer : Tomcat initialized with port(s): 8889 (http)
2018-12-12 18:53:15.084  INFO 1840 --- [main] o.apache.catalina.core.StandardService   : Starting service [Tomcat]
2018-12-12 18:53:15.084  INFO 1840 --- [main] org.apache.catalina.core.StandardEngine  : Starting Servlet Engine: Apache Tomcat/8.5.32
2018-12-12 18:53:15.388  INFO 1840 --- [localhost-startStop-1] o.a.c.c.C.[Tomcat].[localhost].[/]       : Initializing Spring embedded WebApplicationContext
2018-12-12 18:53:15.388  INFO 1840 --- [localhost-startStop-1] o.s.web.context.ContextLoader            : Root WebApplicationContext: initialization completed in 14623 ms
2018-12-12 18:53:15.731  INFO 1840 --- [localhost-startStop-1] o.s.b.w.servlet.ServletRegistrationBean  : Mapping servlet: 'statViewServlet' to [/druid/*]
2018-12-12 18:53:15.733  INFO 1840 --- [localhost-startStop-1] o.s.b.w.servlet.ServletRegistrationBean  : Mapping servlet: 'dispatcherServlet' to [/]
2018-12-12 18:53:15.736  INFO 1840 --- [localhost-startStop-1] o.s.b.w.servlet.FilterRegistrationBean   : Mapping filter: 'characterEncodingFilter' to: [/*]
2018-12-12 18:53:15.737  INFO 1840 --- [localhost-startStop-1] o.s.b.w.servlet.FilterRegistrationBean   : Mapping filter: 'hiddenHttpMethodFilter' to: [/*]
2018-12-12 18:53:15.737  INFO 1840 --- [localhost-startStop-1] o.s.b.w.servlet.FilterRegistrationBean   : Mapping filter: 'httpPutFormContentFilter' to: [/*]
2018-12-12 18:53:15.737  INFO 1840 --- [localhost-startStop-1] o.s.b.w.servlet.FilterRegistrationBean   : Mapping filter: 'requestContextFilter' to: [/*]
2018-12-12 18:53:15.737  INFO 1840 --- [localhost-startStop-1] o.s.b.w.servlet.FilterRegistrationBean   : Mapping filter: 'webStatFilter' to urls: [/*]
2018-12-12 18:53:15.737  INFO 1840 --- [localhost-startStop-1] o.s.b.w.servlet.FilterRegistrationBean   : Mapping filter: 'shiroFilterFactoryBean' to: [/*]
2018-12-12 18:53:17.503  INFO 1840 --- [main] s.w.s.m.m.a.RequestMappingHandlerAdapter : Looking for @ControllerAdvice: org.springframework.boot.context.embedded.AnnotationConfigEmbeddedWebApplicationContext@e7edb54: startup date [Wed Dec 12 18:53:00 CST 2018]; root of context hierarchy
2018-12-12 18:53:17.611  INFO 1840 --- [main] s.w.s.m.m.a.RequestMappingHandlerMapping : Mapped "{[/common/generator/list],methods=[GET]}" onto java.util.List<java.util.Map<java.lang.String, java.lang.Object>> yude.mes.com.mes_yd.common.controller.GeneratorController.list()
2018-12-12 18:53:17.613  INFO 1840 --- [main] s.w.s.m.m.a.RequestMappingHandlerMapping : Mapped "{[/common/generator/code/{tableName}]}" onto public void yude.mes.com.mes_yd.common.controller.GeneratorController.code(javax.servlet.http.HttpServletRequest,javax.servlet.http.HttpServletResponse,java.lang.String) throws java.io.IOException
2018-12-12 18:53:17.613  INFO 1840 --- [main] s.w.s.m.m.a.RequestMappingHandlerMapping : Mapped "{[/common/generator],methods=[GET]}" onto java.lang.String yude.mes.com.mes_yd.common.controller.GeneratorController.generator()
2018-12-12 18:53:17.613  INFO 1840 --- [main] s.w.s.m.m.a.RequestMappingHandlerMapping : Mapped "{[/common/generator/batchCode]}" onto public void yude.mes.com.mes_yd.common.controller.GeneratorController.batchCode(javax.servlet.http.HttpServletRequest,javax.servlet.http.HttpServletResponse,java.lang.String) throws java.io.IOException
2018-12-12 18:53:17.615  INFO 1840 --- [main] s.w.s.m.m.a.RequestMappingHandlerMapping : Mapped "{[/common/log/remove],methods=[POST]}" onto yude.mes.com.mes_yd.common.utils.R yude.mes.com.mes_yd.common.controller.LogController.remove(java.lang.Long)
2018-12-12 18:53:17.616  INFO 1840 --- [main] s.w.s.m.m.a.RequestMappingHandlerMapping : Mapped "{[/common/log],methods=[GET]}" onto java.lang.String yude.mes.com.mes_yd.common.controller.LogController.log()
2018-12-12 18:53:17.616  INFO 1840 --- [main] s.w.s.m.m.a.RequestMappingHandlerMapping : Mapped "{[/common/log/list],methods=[GET]}" onto yude.mes.com.mes_yd.common.domain.PageDO<yude.mes.com.mes_yd.common.domain.SysLogDO> yude.mes.com.mes_yd.common.controller.LogController.list(java.util.Map<java.lang.String, java.lang.Object>)
2018-12-12 18:53:17.616  INFO 1840 --- [main] s.w.s.m.m.a.RequestMappingHandlerMapping : Mapped "{[/common/log/batchRemove],methods=[POST]}" onto yude.mes.com.mes_yd.common.utils.R yude.mes.com.mes_yd.common.controller.LogController.batchRemove(java.lang.Long[])
2018-12-12 18:53:17.617  INFO 1840 --- [main] s.w.s.m.m.a.RequestMappingHandlerMapping : Mapped "{[/report/common/list],methods=[GET]}" onto yude.mes.com.mes_yd.common.utils.PageUtils yude.mes.com.mes_yd.report.controller.CommonReportMeiZuController.list(java.util.Map<java.lang.String, java.lang.Object>)
2018-12-12 18:53:17.617  INFO 1840 --- [main] s.w.s.m.m.a.RequestMappingHandlerMapping : Mapped "{[/report/common],methods=[GET]}" onto java.lang.String yude.mes.com.mes_yd.report.controller.CommonReportMeiZuController.user(org.springframework.ui.Model)
2018-12-12 18:53:17.620  INFO 1840 --- [main] s.w.s.m.m.a.RequestMappingHandlerMapping : Mapped "{[/main],methods=[GET]}" onto java.lang.String yude.mes.com.mes_yd.system.controller.LoginController.main()
2018-12-12 18:53:17.620  INFO 1840 --- [main] s.w.s.m.m.a.RequestMappingHandlerMapping : Mapped "{[/ ||  || /index],methods=[GET]}" onto java.lang.String yude.mes.com.mes_yd.system.controller.LoginController.Index(org.springframework.ui.Model)
2018-12-12 18:53:17.621  INFO 1840 --- [main] s.w.s.m.m.a.RequestMappingHandlerMapping : Mapped "{[/login_bak],methods=[POST]}" onto java.lang.String yude.mes.com.mes_yd.system.controller.LoginController.doLogin(java.lang.String,java.lang.String)
2018-12-12 18:53:17.621  INFO 1840 --- [main] s.w.s.m.m.a.RequestMappingHandlerMapping : Mapped "{[/login],methods=[GET]}" onto java.lang.String yude.mes.com.mes_yd.system.controller.LoginController.login()
2018-12-12 18:53:17.621  INFO 1840 --- [main] s.w.s.m.m.a.RequestMappingHandlerMapping : Mapped "{[/login],methods=[POST]}" onto yude.mes.com.mes_yd.common.utils.R yude.mes.com.mes_yd.system.controller.LoginController.ajaxLogin(java.lang.String,java.lang.String)
2018-12-12 18:53:17.622  INFO 1840 --- [main] s.w.s.m.m.a.RequestMappingHandlerMapping : Mapped "{[/logout],methods=[GET]}" onto java.lang.String yude.mes.com.mes_yd.system.controller.LoginController.logout()
2018-12-12 18:53:17.622  INFO 1840 --- [main] s.w.s.m.m.a.RequestMappingHandlerMapping : Mapped "{[/403],methods=[GET]}" onto java.lang.String yude.mes.com.mes_yd.system.controller.LoginController.error403()
2018-12-12 18:53:17.627  INFO 1840 --- [main] s.w.s.m.m.a.RequestMappingHandlerMapping : Mapped "{[/sys/menu/add/{pId}],methods=[GET]}" onto java.lang.String yude.mes.com.mes_yd.system.controller.MenuController.add(org.springframework.ui.Model,java.lang.Long)
2018-12-12 18:53:17.628  INFO 1840 --- [main] s.w.s.m.m.a.RequestMappingHandlerMapping : Mapped "{[/sys/menu/remove],methods=[POST]}" onto yude.mes.com.mes_yd.common.utils.R yude.mes.com.mes_yd.system.controller.MenuController.remove(java.lang.Long)
2018-12-12 18:53:17.628  INFO 1840 --- [main] s.w.s.m.m.a.RequestMappingHandlerMapping : Mapped "{[/sys/menu/update],methods=[POST]}" onto yude.mes.com.mes_yd.common.utils.R yude.mes.com.mes_yd.system.controller.MenuController.update(yude.mes.com.mes_yd.system.domain.MenuDO)
2018-12-12 18:53:17.629  INFO 1840 --- [main] s.w.s.m.m.a.RequestMappingHandlerMapping : Mapped "{[/sys/menu/list]}" onto java.util.List<yude.mes.com.mes_yd.system.domain.MenuDO> yude.mes.com.mes_yd.system.controller.MenuController.list()
2018-12-12 18:53:17.629  INFO 1840 --- [main] s.w.s.m.m.a.RequestMappingHandlerMapping : Mapped "{[/sys/menu/save],methods=[POST]}" onto yude.mes.com.mes_yd.common.utils.R yude.mes.com.mes_yd.system.controller.MenuController.save(yude.mes.com.mes_yd.system.domain.MenuDO)
2018-12-12 18:53:17.630  INFO 1840 --- [main] s.w.s.m.m.a.RequestMappingHandlerMapping : Mapped "{[/sys/menu/tree/{roleId}],methods=[GET]}" onto yude.mes.com.mes_yd.common.domain.Tree<yude.mes.com.mes_yd.system.domain.MenuDO> yude.mes.com.mes_yd.system.controller.MenuController.tree(java.lang.Long)
2018-12-12 18:53:17.631  INFO 1840 --- [main] s.w.s.m.m.a.RequestMappingHandlerMapping : Mapped "{[/sys/menu/tree],methods=[GET]}" onto yude.mes.com.mes_yd.common.domain.Tree<yude.mes.com.mes_yd.system.domain.MenuDO> yude.mes.com.mes_yd.system.controller.MenuController.tree()
2018-12-12 18:53:17.631  INFO 1840 --- [main] s.w.s.m.m.a.RequestMappingHandlerMapping : Mapped "{[/sys/menu],methods=[GET]}" onto java.lang.String yude.mes.com.mes_yd.system.controller.MenuController.menu(org.springframework.ui.Model)
2018-12-12 18:53:17.631  INFO 1840 --- [main] s.w.s.m.m.a.RequestMappingHandlerMapping : Mapped "{[/sys/menu/edit/{id}],methods=[GET]}" onto java.lang.String yude.mes.com.mes_yd.system.controller.MenuController.edit(org.springframework.ui.Model,java.lang.Long)
2018-12-12 18:53:17.633  INFO 1840 --- [main] s.w.s.m.m.a.RequestMappingHandlerMapping : Mapped "{[/sys/role/add],methods=[GET]}" onto java.lang.String yude.mes.com.mes_yd.system.controller.RoleController.add()
2018-12-12 18:53:17.633  INFO 1840 --- [main] s.w.s.m.m.a.RequestMappingHandlerMapping : Mapped "{[/sys/role/update],methods=[POST]}" onto yude.mes.com.mes_yd.common.utils.R yude.mes.com.mes_yd.system.controller.RoleController.update(yude.mes.com.mes_yd.system.domain.RoleDO)
2018-12-12 18:53:17.634  INFO 1840 --- [main] s.w.s.m.m.a.RequestMappingHandlerMapping : Mapped "{[/sys/role/list],methods=[GET]}" onto java.util.List<yude.mes.com.mes_yd.system.domain.RoleDO> yude.mes.com.mes_yd.system.controller.RoleController.list()
2018-12-12 18:53:17.634  INFO 1840 --- [main] s.w.s.m.m.a.RequestMappingHandlerMapping : Mapped "{[/sys/role/remove],methods=[POST]}" onto yude.mes.com.mes_yd.common.utils.R yude.mes.com.mes_yd.system.controller.RoleController.save(java.lang.Long)
2018-12-12 18:53:17.635  INFO 1840 --- [main] s.w.s.m.m.a.RequestMappingHandlerMapping : Mapped "{[/sys/role/save],methods=[POST]}" onto yude.mes.com.mes_yd.common.utils.R yude.mes.com.mes_yd.system.controller.RoleController.save(yude.mes.com.mes_yd.system.domain.RoleDO)
2018-12-12 18:53:17.635  INFO 1840 --- [main] s.w.s.m.m.a.RequestMappingHandlerMapping : Mapped "{[/sys/role/batchRemove],methods=[POST]}" onto yude.mes.com.mes_yd.common.utils.R yude.mes.com.mes_yd.system.controller.RoleController.batchRemove(java.lang.Long[])
2018-12-12 18:53:17.635  INFO 1840 --- [main] s.w.s.m.m.a.RequestMappingHandlerMapping : Mapped "{[/sys/role],methods=[GET]}" onto java.lang.String yude.mes.com.mes_yd.system.controller.RoleController.role()
2018-12-12 18:53:17.635  INFO 1840 --- [main] s.w.s.m.m.a.RequestMappingHandlerMapping : Mapped "{[/sys/role/edit/{id}],methods=[GET]}" onto java.lang.String yude.mes.com.mes_yd.system.controller.RoleController.edit(java.lang.Long,org.springframework.ui.Model)
2018-12-12 18:53:17.639  INFO 1840 --- [main] s.w.s.m.m.a.RequestMappingHandlerMapping : Mapped "{[/sys/user/exit],methods=[POST]}" onto boolean yude.mes.com.mes_yd.system.controller.UserController.exit(java.util.Map<java.lang.String, java.lang.Object>)
2018-12-12 18:53:17.640  INFO 1840 --- [main] s.w.s.m.m.a.RequestMappingHandlerMapping : Mapped "{[/sys/user/add],methods=[GET]}" onto java.lang.String yude.mes.com.mes_yd.system.controller.UserController.add(org.springframework.ui.Model)
2018-12-12 18:53:17.640  INFO 1840 --- [main] s.w.s.m.m.a.RequestMappingHandlerMapping : Mapped "{[/sys/user/remove],methods=[POST]}" onto yude.mes.com.mes_yd.common.utils.R yude.mes.com.mes_yd.system.controller.UserController.remove(java.lang.Long)
2018-12-12 18:53:17.640  INFO 1840 --- [main] s.w.s.m.m.a.RequestMappingHandlerMapping : Mapped "{[/sys/user/update],methods=[POST]}" onto yude.mes.com.mes_yd.common.utils.R yude.mes.com.mes_yd.system.controller.UserController.update(yude.mes.com.mes_yd.system.domain.SysUserDO)
2018-12-12 18:53:17.640  INFO 1840 --- [main] s.w.s.m.m.a.RequestMappingHandlerMapping : Mapped "{[/sys/user/list],methods=[GET]}" onto yude.mes.com.mes_yd.common.utils.PageUtils yude.mes.com.mes_yd.system.controller.UserController.list(java.util.Map<java.lang.String, java.lang.Object>)
2018-12-12 18:53:17.641  INFO 1840 --- [main] s.w.s.m.m.a.RequestMappingHandlerMapping : Mapped "{[/sys/user/save],methods=[POST]}" onto yude.mes.com.mes_yd.common.utils.R yude.mes.com.mes_yd.system.controller.UserController.save(yude.mes.com.mes_yd.system.domain.SysUserDO)
2018-12-12 18:53:17.641  INFO 1840 --- [main] s.w.s.m.m.a.RequestMappingHandlerMapping : Mapped "{[/sys/user/batchRemove],methods=[POST]}" onto yude.mes.com.mes_yd.common.utils.R yude.mes.com.mes_yd.system.controller.UserController.batchRemove(java.lang.Long[])
2018-12-12 18:53:17.641  INFO 1840 --- [main] s.w.s.m.m.a.RequestMappingHandlerMapping : Mapped "{[/sys/user/userExport],methods=[GET]}" onto public void yude.mes.com.mes_yd.system.controller.UserController.export(javax.servlet.http.HttpServletResponse,javax.servlet.http.HttpServletRequest)
2018-12-12 18:53:17.641  INFO 1840 --- [main] s.w.s.m.m.a.RequestMappingHandlerMapping : Mapped "{[/sys/user],methods=[GET]}" onto java.lang.String yude.mes.com.mes_yd.system.controller.UserController.user(org.springframework.ui.Model)
2018-12-12 18:53:17.642  INFO 1840 --- [main] s.w.s.m.m.a.RequestMappingHandlerMapping : Mapped "{[/sys/user/edit/{id}],methods=[GET]}" onto java.lang.String yude.mes.com.mes_yd.system.controller.UserController.edit(org.springframework.ui.Model,java.lang.Long)
2018-12-12 18:53:17.642  INFO 1840 --- [main] s.w.s.m.m.a.RequestMappingHandlerMapping : Mapped "{[/sys/user/resetPwd/{id}],methods=[GET]}" onto java.lang.String yude.mes.com.mes_yd.system.controller.UserController.resetPwd(java.lang.Long,org.springframework.ui.Model)
2018-12-12 18:53:17.642  INFO 1840 --- [main] s.w.s.m.m.a.RequestMappingHandlerMapping : Mapped "{[/sys/user/resetPwd],methods=[POST]}" onto yude.mes.com.mes_yd.common.utils.R yude.mes.com.mes_yd.system.controller.UserController.resetPwd(yude.mes.com.mes_yd.system.domain.SysUserDO)
2018-12-12 18:53:17.644  INFO 1840 --- [main] s.w.s.m.m.a.RequestMappingHandlerMapping : Mapped "{[/error]}" onto public org.springframework.http.ResponseEntity<java.util.Map<java.lang.String, java.lang.Object>> org.springframework.boot.autoconfigure.web.BasicErrorController.error(javax.servlet.http.HttpServletRequest)
2018-12-12 18:53:17.644  INFO 1840 --- [main] s.w.s.m.m.a.RequestMappingHandlerMapping : Mapped "{[/error],produces=[text/html]}" onto public org.springframework.web.servlet.ModelAndView org.springframework.boot.autoconfigure.web.BasicErrorController.errorHtml(javax.servlet.http.HttpServletRequest,javax.servlet.http.HttpServletResponse)
2018-12-12 18:53:17.726  INFO 1840 --- [main] o.s.w.s.handler.SimpleUrlHandlerMapping  : Mapped URL path [/webjars/**] onto handler of type [class org.springframework.web.servlet.resource.ResourceHttpRequestHandler]
2018-12-12 18:53:17.726  INFO 1840 --- [main] o.s.w.s.handler.SimpleUrlHandlerMapping  : Mapped URL path [/**] onto handler of type [class org.springframework.web.servlet.resource.ResourceHttpRequestHandler]
2018-12-12 18:53:17.785  INFO 1840 --- [main] .m.m.a.ExceptionHandlerExceptionResolver : Detected @ExceptionHandler methods in BTExceptionHandler
2018-12-12 18:53:17.839  INFO 1840 --- [main] o.s.w.s.handler.SimpleUrlHandlerMapping  : Mapped URL path [/**/favicon.ico] onto handler of type [class org.springframework.web.servlet.resource.ResourceHttpRequestHandler]
2018-12-12 18:53:17.981  WARN 1840 --- [main] org.thymeleaf.templatemode.TemplateMode  : [THYMELEAF][main] Template Mode 'HTML5' is deprecated. Using Template Mode 'HTML' instead.
2018-12-12 18:53:20.105  INFO 1840 --- [main] o.s.w.s.v.f.FreeMarkerConfigurer         : ClassTemplateLoader for Spring macros added to FreeMarker configuration
2018-12-12 18:53:20.477  INFO 1840 --- [main] o.s.j.e.a.AnnotationMBeanExporter        : Registering beans for JMX exposure on startup
2018-12-12 18:53:20.479  INFO 1840 --- [main] o.s.j.e.a.AnnotationMBeanExporter        : Bean with name 'druid' has been autodetected for JMX exposure
2018-12-12 18:53:20.488  INFO 1840 --- [main] o.s.j.e.a.AnnotationMBeanExporter        : Located MBean 'druid': registering with JMX server as MBean [com.alibaba.druid.pool:name=druid,type=DruidDataSource]
2018-12-12 18:53:20.642  INFO 1840 --- [main] s.b.c.e.t.TomcatEmbeddedServletContainer : Tomcat started on port(s): 8889 (http)
2018-12-12 18:53:20.648  INFO 1840 --- [main] yude.mes.com.mes_yd.MesYdApplication     : Started MesYdApplication in 25.032 seconds (JVM running for 31.046)
2018-12-12 18:54:01.342  INFO 1840 --- [http-nio-8889-exec-1] o.a.c.c.C.[Tomcat].[localhost].[/]       : Initializing Spring FrameworkServlet 'dispatcherServlet'
2018-12-12 18:54:01.343  INFO 1840 --- [http-nio-8889-exec-1] o.s.web.servlet.DispatcherServlet        : FrameworkServlet 'dispatcherServlet': initialization started
2018-12-12 18:54:01.362  INFO 1840 --- [http-nio-8889-exec-1] o.s.web.servlet.DispatcherServlet        : FrameworkServlet 'dispatcherServlet': initialization completed in 19 ms
2018-12-12 18:56:00.585  INFO 1840 --- [http-nio-8889-exec-8] com.alibaba.druid.pool.DruidDataSource   : {dataSource-1} inited
2018-12-12 18:56:00.622 DEBUG 1840 --- [http-nio-8889-exec-8] y.m.c.mes_yd.system.dao.UserMapper.list  : ==>  Preparing: SELECT * FROM (SELECT ROWNUM AS rowno, t.* FROM sys_user t WHERE username = ? ) 
2018-12-12 18:56:00.892 DEBUG 1840 --- [http-nio-8889-exec-8] y.m.c.mes_yd.system.dao.UserMapper.list  : ==> Parameters: admin(String)
2018-12-12 18:56:00.956 DEBUG 1840 --- [http-nio-8889-exec-8] y.m.c.mes_yd.system.dao.UserMapper.list  : <==      Total: 1
2018-12-12 18:56:01.006 DEBUG 1840 --- [http-nio-8889-exec-8] y.m.c.mes_yd.system.dao.UserMapper.list  : ==>  Preparing: SELECT * FROM (SELECT ROWNUM AS rowno, t.* FROM sys_user t WHERE username = ? ) 
2018-12-12 18:56:01.010 DEBUG 1840 --- [http-nio-8889-exec-8] y.m.c.mes_yd.system.dao.UserMapper.list  : ==> Parameters: admin(String)
2018-12-12 18:56:01.011 DEBUG 1840 --- [http-nio-8889-exec-8] y.m.c.mes_yd.system.dao.UserMapper.list  : <==      Total: 1
2018-12-12 18:56:01.243 DEBUG 1840 --- [http-nio-8889-exec-8] y.m.c.mes_yd.common.dao.LogMapper.save   : ==>  Preparing: insert into sys_log (id, user_id, username,operation, time, method,params, ip, gmt_create)values (?, ?, ?, ?, ?, ?, ?, ?, ?) 
2018-12-12 18:56:01.337 DEBUG 1840 --- [http-nio-8889-exec-8] y.m.c.mes_yd.common.dao.LogMapper.save   : ==> Parameters: null, -1(Long), 获取用户信息为空(String), Login request(String), 19(Integer), yude.mes.com.mes_yd.system.controller.LoginController.ajaxLogin()(String), "admin"(String), 127.0.0.1(String), 2018-12-12 18:56:01.242(Timestamp)
2018-12-12 18:56:01.644 DEBUG 1840 --- [http-nio-8889-exec-7] y.m.c.mes_yd.system.dao.UserMapper.list  : ==>  Preparing: SELECT * FROM (SELECT ROWNUM AS rowno, t.* FROM sys_user t WHERE username = ? ) 
2018-12-12 18:56:01.648 DEBUG 1840 --- [http-nio-8889-exec-7] y.m.c.mes_yd.system.dao.UserMapper.list  : ==> Parameters: admin(String)
2018-12-12 18:56:01.652 DEBUG 1840 --- [http-nio-8889-exec-7] y.m.c.mes_yd.system.dao.UserMapper.list  : <==      Total: 1
2018-12-12 18:56:01.654 DEBUG 1840 --- [http-nio-8889-exec-7] y.m.c.mes_yd.system.dao.UserMapper.list  : ==>  Preparing: SELECT * FROM (SELECT ROWNUM AS rowno, t.* FROM sys_user t WHERE username = ? ) 
2018-12-12 18:56:01.657 DEBUG 1840 --- [http-nio-8889-exec-7] y.m.c.mes_yd.system.dao.UserMapper.list  : ==> Parameters: admin(String)
2018-12-12 18:56:01.658 DEBUG 1840 --- [http-nio-8889-exec-7] y.m.c.mes_yd.system.dao.UserMapper.list  : <==      Total: 1
2018-12-12 18:56:01.659 DEBUG 1840 --- [http-nio-8889-exec-7] y.m.c.mes_yd.common.dao.LogMapper.save   : ==>  Preparing: insert into sys_log (id, user_id, username,operation, time, method,params, ip, gmt_create)values (?, ?, ?, ?, ?, ?, ?, ?, ?) 
2018-12-12 18:56:01.662 DEBUG 1840 --- [http-nio-8889-exec-7] y.m.c.mes_yd.common.dao.LogMapper.save   : ==> Parameters: null, -1(Long), 获取用户信息为空(String), Login request(String), 5(Integer), yude.mes.com.mes_yd.system.controller.LoginController.ajaxLogin()(String), "admin"(String), 127.0.0.1(String), 2018-12-12 18:56:01.659(Timestamp)
2018-12-12 18:56:01.671 DEBUG 1840 --- [http-nio-8889-exec-8] y.m.c.mes_yd.common.dao.LogMapper.save   : <==    Updates: 1
2018-12-12 18:56:01.671 DEBUG 1840 --- [http-nio-8889-exec-7] y.m.c.mes_yd.common.dao.LogMapper.save   : <==    Updates: 1
2018-12-12 18:56:10.159 DEBUG 1840 --- [http-nio-8889-exec-10] y.m.c.mes_yd.system.dao.UserMapper.list  : ==>  Preparing: SELECT * FROM (SELECT ROWNUM AS rowno, t.* FROM sys_user t WHERE username = ? ) 
2018-12-12 18:56:10.162 DEBUG 1840 --- [http-nio-8889-exec-10] y.m.c.mes_yd.system.dao.UserMapper.list  : ==> Parameters: admin(String)
2018-12-12 18:56:10.165 DEBUG 1840 --- [http-nio-8889-exec-10] y.m.c.mes_yd.system.dao.UserMapper.list  : <==      Total: 1
2018-12-12 18:56:10.169 DEBUG 1840 --- [http-nio-8889-exec-10] y.m.c.mes_yd.system.dao.UserMapper.list  : ==>  Preparing: SELECT * FROM (SELECT ROWNUM AS rowno, t.* FROM sys_user t WHERE username = ? ) 
2018-12-12 18:56:10.173 DEBUG 1840 --- [http-nio-8889-exec-10] y.m.c.mes_yd.system.dao.UserMapper.list  : ==> Parameters: admin(String)
2018-12-12 18:56:10.175 DEBUG 1840 --- [http-nio-8889-exec-10] y.m.c.mes_yd.system.dao.UserMapper.list  : <==      Total: 1
2018-12-12 18:56:10.273 DEBUG 1840 --- [http-nio-8889-exec-10] y.m.c.mes_yd.common.dao.LogMapper.save   : ==>  Preparing: insert into sys_log (id, user_id, username,operation, time, method,params, ip, gmt_create)values (?, ?, ?, ?, ?, ?, ?, ?, ?) 
2018-12-12 18:56:10.276 DEBUG 1840 --- [http-nio-8889-exec-10] y.m.c.mes_yd.common.dao.LogMapper.save   : ==> Parameters: null, 1(Long), admin(String), Login request(String), 104(Integer), yude.mes.com.mes_yd.system.controller.LoginController.ajaxLogin()(String), "admin"(String), 127.0.0.1(String), 2018-12-12 18:56:10.273(Timestamp)
2018-12-12 18:56:10.278 DEBUG 1840 --- [http-nio-8889-exec-10] y.m.c.mes_yd.common.dao.LogMapper.save   : <==    Updates: 1
2018-12-12 18:56:10.288 DEBUG 1840 --- [http-nio-8889-exec-3] y.m.c.m.s.d.MenuMapper.listMenuByUserId  : ==>  Preparing: select distinct m.menu_id , parent_id, name, url, perms, type, icon, order_num, gmt_create, gmt_modified from sys_menu m left join sys_role_menu rm on m.menu_id = rm.menu_id left join sys_user_role ur on rm.role_id = ur.role_id where ur.user_id = ? and m.type in(0,1) order by m.type 
2018-12-12 18:56:10.343 DEBUG 1840 --- [http-nio-8889-exec-3] y.m.c.m.s.d.MenuMapper.listMenuByUserId  : ==> Parameters: 1(Long)
2018-12-12 18:56:10.372 DEBUG 1840 --- [http-nio-8889-exec-3] y.m.c.m.s.d.MenuMapper.listMenuByUserId  : <==      Total: 10
2018-12-12 18:56:10.374  INFO 1840 --- [http-nio-8889-exec-3] y.m.c.m.s.controller.LoginController     : 超级管理员
2018-12-12 18:56:10.513 DEBUG 1840 --- [http-nio-8889-exec-3] y.m.c.mes_yd.common.dao.LogMapper.save   : ==>  Preparing: insert into sys_log (id, user_id, username,operation, time, method,params, ip, gmt_create)values (?, ?, ?, ?, ?, ?, ?, ?, ?) 
2018-12-12 18:56:10.516 DEBUG 1840 --- [http-nio-8889-exec-3] y.m.c.mes_yd.common.dao.LogMapper.save   : ==> Parameters: null, 1(Long), admin(String), sent main UI(String), 87(Integer), yude.mes.com.mes_yd.system.controller.LoginController.Index()(String), {"menus":[{"attributes":{"icon":"fa fa-bars"},"checked":false,"children":[{"attributes":{"url":"report/common/"},"checked":false,"children":[],"hasChildren":false,"hasParent":true,"id":"64","parentId":"63","text":"通用出货报表"}],"hasChildren":true,"hasParent":false,"id":"63","parentId":"0","text":"出货报表"},{"attributes":{"icon":"fa fa-bars"},"checked":false,"children":[{"attributes":{"icon":"fa fa-code","url":"common/generator"},"checked":false,"children":[],"hasChildren":false,"hasParent":true,"id":"48","parentId":"1","text":"代码生成"},{"attributes":{"icon":"fa fa-warning","url":"common/log"},"checked":false,"children":[],"hasChildren":false,"hasParent":true,"id":"27","parentId":"1","text":"系统日志"},{"attributes":{"icon":"fa fa-caret-square-o-right","url":"/druid/index.html"},"checked":false,"children":[],"hasChildren":false,"hasParent":true,"id":"57","parentId":"1","text":"运行监控"}],"hasChildren":true,"hasParent":false,"id":"1","parentId":"0","text":"基础管理"},{"attributes":{"icon":"fa fa-desktop"},"checked":false,"children":[{"attributes":{"icon":"fa fa-user","url":"sys/user/"},"checked":false,"children":[],"hasChildren":false,"hasParent":true,"id":"6","parentId":"3","text":"用户管理"},{"attributes":{"icon":"fa fa-th-list","url":"sys/menu/"},"checked":false,"children":[],"hasChildren":false,"hasParent":true,"id":"2","parentId":"3","text":"系统菜单"},{"attributes":{"icon":"fa fa-paw","url":"sys/role"},"checked":false,"children":[],"hasChildren":false,"hasParent":true,"id":"7","parentId":"3","text":"角色管理"}],"hasChildren":true,"hasParent":false,"id":"3","parentId":"0","text":"系统管理"}],"name":"超级管理员"}(String), 127.0.0.1(String), 2018-12-12 18:56:10.513(Timestamp)
2018-12-12 18:56:10.518 DEBUG 1840 --- [http-nio-8889-exec-3] y.m.c.mes_yd.common.dao.LogMapper.save   : <==    Updates: 1
2018-12-12 19:05:46.714 DEBUG 1840 --- [http-nio-8889-exec-8] y.m.c.mes_yd.system.dao.UserMapper.list  : ==>  Preparing: SELECT * FROM (SELECT ROWNUM AS rowno, t.* FROM sys_user t WHERE username = ? ) 
2018-12-12 19:05:46.718 DEBUG 1840 --- [http-nio-8889-exec-8] y.m.c.mes_yd.system.dao.UserMapper.list  : ==> Parameters: wpw(String)
2018-12-12 19:05:46.719 DEBUG 1840 --- [http-nio-8889-exec-8] y.m.c.mes_yd.system.dao.UserMapper.list  : <==      Total: 1
2018-12-12 19:05:46.722 DEBUG 1840 --- [http-nio-8889-exec-8] y.m.c.mes_yd.system.dao.UserMapper.list  : ==>  Preparing: SELECT * FROM (SELECT ROWNUM AS rowno, t.* FROM sys_user t WHERE username = ? ) 
2018-12-12 19:05:46.725 DEBUG 1840 --- [http-nio-8889-exec-8] y.m.c.mes_yd.system.dao.UserMapper.list  : ==> Parameters: wpw(String)
2018-12-12 19:05:46.727 DEBUG 1840 --- [http-nio-8889-exec-8] y.m.c.mes_yd.system.dao.UserMapper.list  : <==      Total: 1
2018-12-12 19:05:46.730 DEBUG 1840 --- [http-nio-8889-exec-8] y.m.c.mes_yd.common.dao.LogMapper.save   : ==>  Preparing: insert into sys_log (id, user_id, username,operation, time, method,params, ip, gmt_create)values (?, ?, ?, ?, ?, ?, ?, ?, ?) 
2018-12-12 19:05:46.734 DEBUG 1840 --- [http-nio-8889-exec-8] y.m.c.mes_yd.common.dao.LogMapper.save   : ==> Parameters: null, 2(Long), wpw(String), Login request(String), 8(Integer), yude.mes.com.mes_yd.system.controller.LoginController.ajaxLogin()(String), "wpw"(String), 127.0.0.1(String), 2018-12-12 19:05:46.729(Timestamp)
2018-12-12 19:05:46.735 DEBUG 1840 --- [http-nio-8889-exec-8] y.m.c.mes_yd.common.dao.LogMapper.save   : <==    Updates: 1
2018-12-12 19:05:46.758 DEBUG 1840 --- [http-nio-8889-exec-5] y.m.c.m.s.d.MenuMapper.listMenuByUserId  : ==>  Preparing: select distinct m.menu_id , parent_id, name, url, perms, type, icon, order_num, gmt_create, gmt_modified from sys_menu m left join sys_role_menu rm on m.menu_id = rm.menu_id left join sys_user_role ur on rm.role_id = ur.role_id where ur.user_id = ? and m.type in(0,1) order by m.type 
2018-12-12 19:05:46.765 DEBUG 1840 --- [http-nio-8889-exec-5] y.m.c.m.s.d.MenuMapper.listMenuByUserId  : ==> Parameters: 2(Long)
2018-12-12 19:05:46.773 DEBUG 1840 --- [http-nio-8889-exec-5] y.m.c.m.s.d.MenuMapper.listMenuByUserId  : <==      Total: 10
2018-12-12 19:05:46.775  INFO 1840 --- [http-nio-8889-exec-5] y.m.c.m.s.controller.LoginController     : 超级管理员
2018-12-12 19:05:46.777 DEBUG 1840 --- [http-nio-8889-exec-5] y.m.c.mes_yd.common.dao.LogMapper.save   : ==>  Preparing: insert into sys_log (id, user_id, username,operation, time, method,params, ip, gmt_create)values (?, ?, ?, ?, ?, ?, ?, ?, ?) 
2018-12-12 19:05:46.782 DEBUG 1840 --- [http-nio-8889-exec-5] y.m.c.mes_yd.common.dao.LogMapper.save   : ==> Parameters: null, 2(Long), wpw(String), sent main UI(String), 18(Integer), yude.mes.com.mes_yd.system.controller.LoginController.Index()(String), {"menus":[{"attributes":{"icon":"fa fa-bars"},"checked":false,"children":[{"attributes":{"url":"report/common/"},"checked":false,"children":[],"hasChildren":false,"hasParent":true,"id":"64","parentId":"63","text":"通用出货报表"}],"hasChildren":true,"hasParent":false,"id":"63","parentId":"0","text":"出货报表"},{"attributes":{"icon":"fa fa-bars"},"checked":false,"children":[{"attributes":{"icon":"fa fa-code","url":"common/generator"},"checked":false,"children":[],"hasChildren":false,"hasParent":true,"id":"48","parentId":"1","text":"代码生成"},{"attributes":{"icon":"fa fa-warning","url":"common/log"},"checked":false,"children":[],"hasChildren":false,"hasParent":true,"id":"27","parentId":"1","text":"系统日志"},{"attributes":{"icon":"fa fa-caret-square-o-right","url":"/druid/index.html"},"checked":false,"children":[],"hasChildren":false,"hasParent":true,"id":"57","parentId":"1","text":"运行监控"}],"hasChildren":true,"hasParent":false,"id":"1","parentId":"0","text":"基础管理"},{"attributes":{"icon":"fa fa-desktop"},"checked":false,"children":[{"attributes":{"icon":"fa fa-user","url":"sys/user/"},"checked":false,"children":[],"hasChildren":false,"hasParent":true,"id":"6","parentId":"3","text":"用户管理"},{"attributes":{"icon":"fa fa-th-list","url":"sys/menu/"},"checked":false,"children":[],"hasChildren":false,"hasParent":true,"id":"2","parentId":"3","text":"系统菜单"},{"attributes":{"icon":"fa fa-paw","url":"sys/role"},"checked":false,"children":[],"hasChildren":false,"hasParent":true,"id":"7","parentId":"3","text":"角色管理"}],"hasChildren":true,"hasParent":false,"id":"3","parentId":"0","text":"系统管理"}],"name":"超级管理员"}(String), 127.0.0.1(String), 2018-12-12 19:05:46.775(Timestamp)
2018-12-12 19:05:46.798 DEBUG 1840 --- [http-nio-8889-exec-5] y.m.c.mes_yd.common.dao.LogMapper.save   : <==    Updates: 1
2018-12-12 19:05:55.759 DEBUG 1840 --- [http-nio-8889-exec-3] y.m.c.m.common.dao.GeneratorMapper.list  : ==>  Preparing: select a.OWNER owner,a.TABLE_NAME tableName,a.STATUS status,a.LAST_ANALYZED createTime from all_tables a where a.OWNER=(select b.OWNER from all_tables b where b.TABLE_NAME='SYS_LOG') 
2018-12-12 19:05:55.826 DEBUG 1840 --- [http-nio-8889-exec-3] y.m.c.m.common.dao.GeneratorMapper.list  : ==> Parameters: 
2018-12-12 19:05:58.094 DEBUG 1840 --- [http-nio-8889-exec-3] y.m.c.m.common.dao.GeneratorMapper.list  : <==      Total: 160
